============================================================
FAST BACKTEST  sims=4000  tag=FINAL-ABC
============================================================
18:05:07 [INFO] pll.v3: DataLoader: C:\Users\a.payzant\OneDrive - DK Crown Holdings Inc\Desktop\PLL_App_Deploy\data\analytics_database\pll_warehouse.duckdb
18:05:07 [INFO] pll.v3: Loading warehouse data...
18:05:07 [INFO] pll.v3: Loaded 352 team-game rows
18:05:08 [INFO] pll.v3: Loaded 6350 player-game rows
18:05:08 [INFO] pll.v3: Loaded 32 schedule rows
18:05:08 [INFO] pll.v3: Loaded 40 team-defense rows
18:05:08 [INFO] pll.v3: Loaded: 352 team-game rows | 6350 player-game rows | 32 upcoming games
18:05:08 [INFO] pll.v3: Current roster cache: {'available': True, 'source': 'current_rosters_csv', 'path': 'C:\\Users\\a.payzant\\OneDrive - DK Crown Holdings Inc\\Desktop\\PLL_App_Deploy\\data\\reference_tables\\current_rosters.csv', 'rows': 221, 'reason': 'loaded'}
18:05:09 [INFO] pll.v3: Built team ratings: 240 rows x 219 cols
18:05:09 [INFO] pll.v3: TeamModel quality model fitted on 240 rows
18:05:09 [INFO] pll.v3: TeamModel fitted: ['assists', 'gb', 'goals', 'shots', 'sog', 'turnovers']
18:05:11 [INFO] pll.v3: Built team ratings: 240 rows x 219 cols
18:05:11 [INFO] pll.v3: TeamModel quality model fitted on 240 rows
18:05:11 [INFO] pll.v3: TeamModel fitted: ['assists', 'gb', 'goals', 'shots', 'sog', 'turnovers']
18:05:12 [INFO] pll.v3: Built team ratings: 242 rows x 219 cols
18:05:12 [INFO] pll.v3: TeamModel quality model fitted on 242 rows
18:05:12 [INFO] pll.v3: TeamModel fitted: ['assists', 'gb', 'goals', 'shots', 'sog', 'turnovers']
18:05:13 [INFO] pll.v3: Built team ratings: 244 rows x 219 cols
18:05:14 [INFO] pll.v3: TeamModel quality model fitted on 244 rows
18:05:14 [INFO] pll.v3: TeamModel fitted: ['assists', 'gb', 'goals', 'shots', 'sog', 'turnovers']
18:05:15 [INFO] pll.v3: Built team ratings: 246 rows x 219 cols
18:05:15 [INFO] pll.v3: TeamModel quality model fitted on 246 rows
18:05:15 [INFO] pll.v3: TeamModel fitted: ['assists', 'gb', 'goals', 'shots', 'sog', 'turnovers']
18:05:16 [INFO] pll.v3: Built team ratings: 248 rows x 219 cols
18:05:16 [INFO] pll.v3: TeamModel quality model fitted on 248 rows
18:05:16 [INFO] pll.v3: TeamModel fitted: ['assists', 'gb', 'goals', 'shots', 'sog', 'turnovers']
18:05:17 [INFO] pll.v3: Built team ratings: 250 rows x 219 cols
18:05:17 [INFO] pll.v3: TeamModel quality model fitted on 250 rows
18:05:17 [INFO] pll.v3: TeamModel fitted: ['assists', 'gb', 'goals', 'shots', 'sog', 'turnovers']
18:05:18 [INFO] pll.v3: Built team ratings: 252 rows x 219 cols
18:05:18 [INFO] pll.v3: TeamModel quality model fitted on 252 rows
18:05:18 [INFO] pll.v3: TeamModel fitted: ['assists', 'gb', 'goals', 'shots', 'sog', 'turnovers']
18:05:19 [INFO] pll.v3: Built team ratings: 254 rows x 219 cols
18:05:19 [INFO] pll.v3: TeamModel quality model fitted on 254 rows
18:05:19 [INFO] pll.v3: TeamModel fitted: ['assists', 'gb', 'goals', 'shots', 'sog', 'turnovers']
18:05:20 [INFO] pll.v3: Built team ratings: 256 rows x 219 cols
18:05:20 [INFO] pll.v3: TeamModel quality model fitted on 256 rows
18:05:20 [INFO] pll.v3: TeamModel fitted: ['assists', 'gb', 'goals', 'shots', 'sog', 'turnovers']
18:05:21 [INFO] pll.v3: Built team ratings: 258 rows x 219 cols
18:05:21 [INFO] pll.v3: TeamModel quality model fitted on 258 rows
18:05:21 [INFO] pll.v3: TeamModel fitted: ['assists', 'gb', 'goals', 'shots', 'sog', 'turnovers']
18:05:22 [INFO] pll.v3: Built team ratings: 260 rows x 219 cols
18:05:22 [INFO] pll.v3: TeamModel quality model fitted on 260 rows
18:05:22 [INFO] pll.v3: TeamModel fitted: ['assists', 'gb', 'goals', 'shots', 'sog', 'turnovers']
18:05:23 [INFO] pll.v3: Built team ratings: 262 rows x 219 cols
18:05:23 [INFO] pll.v3: TeamModel quality model fitted on 262 rows
18:05:23 [INFO] pll.v3: TeamModel fitted: ['assists', 'gb', 'goals', 'shots', 'sog', 'turnovers']
18:05:24 [INFO] pll.v3: Built team ratings: 264 rows x 219 cols
18:05:24 [INFO] pll.v3: TeamModel quality model fitted on 264 rows
18:05:24 [INFO] pll.v3: TeamModel fitted: ['assists', 'gb', 'goals', 'shots', 'sog', 'turnovers']
18:05:25 [INFO] pll.v3: Built team ratings: 266 rows x 219 cols
18:05:25 [INFO] pll.v3: TeamModel quality model fitted on 266 rows
18:05:25 [INFO] pll.v3: TeamModel fitted: ['assists', 'gb', 'goals', 'shots', 'sog', 'turnovers']
18:05:26 [INFO] pll.v3: Built team ratings: 268 rows x 219 cols
18:05:27 [INFO] pll.v3: TeamModel quality model fitted on 268 rows
18:05:27 [INFO] pll.v3: TeamModel fitted: ['assists', 'gb', 'goals', 'shots', 'sog', 'turnovers']
18:05:28 [INFO] pll.v3: Built team ratings: 270 rows x 219 cols
18:05:28 [INFO] pll.v3: TeamModel quality model fitted on 270 rows
18:05:28 [INFO] pll.v3: TeamModel fitted: ['assists', 'gb', 'goals', 'shots', 'sog', 'turnovers']
18:05:29 [INFO] pll.v3: Built team ratings: 272 rows x 219 cols
18:05:29 [INFO] pll.v3: TeamModel quality model fitted on 272 rows
18:05:29 [INFO] pll.v3: TeamModel fitted: ['assists', 'gb', 'goals', 'shots', 'sog', 'turnovers']
18:05:30 [INFO] pll.v3: Built team ratings: 274 rows x 219 cols
18:05:30 [INFO] pll.v3: TeamModel quality model fitted on 274 rows
18:05:30 [INFO] pll.v3: TeamModel fitted: ['assists', 'gb', 'goals', 'shots', 'sog', 'turnovers']
18:05:31 [INFO] pll.v3: Built team ratings: 276 rows x 219 cols
18:05:32 [INFO] pll.v3: TeamModel quality model fitted on 276 rows
18:05:32 [INFO] pll.v3: TeamModel fitted: ['assists', 'gb', 'goals', 'shots', 'sog', 'turnovers']
18:05:33 [INFO] pll.v3: Built team ratings: 278 rows x 219 cols
18:05:33 [INFO] pll.v3: TeamModel quality model fitted on 278 rows
18:05:33 [INFO] pll.v3: TeamModel fitted: ['assists', 'gb', 'goals', 'shots', 'sog', 'turnovers']
18:05:34 [INFO] pll.v3: Built team ratings: 280 rows x 219 cols
18:05:34 [INFO] pll.v3: TeamModel quality model fitted on 280 rows
18:05:34 [INFO] pll.v3: TeamModel fitted: ['assists', 'gb', 'goals', 'shots', 'sog', 'turnovers']
18:05:35 [INFO] pll.v3: Built team ratings: 282 rows x 219 cols
18:05:36 [INFO] pll.v3: TeamModel quality model fitted on 282 rows
18:05:36 [INFO] pll.v3: TeamModel fitted: ['assists', 'gb', 'goals', 'shots', 'sog', 'turnovers']
18:05:37 [INFO] pll.v3: Built team ratings: 284 rows x 219 cols
18:05:38 [INFO] pll.v3: TeamModel quality model fitted on 284 rows
18:05:38 [INFO] pll.v3: TeamModel fitted: ['assists', 'gb', 'goals', 'shots', 'sog', 'turnovers']
18:05:39 [INFO] pll.v3: Built team ratings: 286 rows x 219 cols
18:05:39 [INFO] pll.v3: TeamModel quality model fitted on 286 rows
18:05:39 [INFO] pll.v3: TeamModel fitted: ['assists', 'gb', 'goals', 'shots', 'sog', 'turnovers']
18:05:40 [INFO] pll.v3: Built team ratings: 288 rows x 219 cols
18:05:40 [INFO] pll.v3: TeamModel quality model fitted on 288 rows
18:05:40 [INFO] pll.v3: TeamModel fitted: ['assists', 'gb', 'goals', 'shots', 'sog', 'turnovers']
18:05:41 [INFO] pll.v3: Built team ratings: 290 rows x 219 cols
18:05:41 [INFO] pll.v3: TeamModel quality model fitted on 290 rows
18:05:41 [INFO] pll.v3: TeamModel fitted: ['assists', 'gb', 'goals', 'shots', 'sog', 'turnovers']
18:05:42 [INFO] pll.v3: Built team ratings: 292 rows x 219 cols
18:05:43 [INFO] pll.v3: TeamModel quality model fitted on 292 rows
18:05:43 [INFO] pll.v3: TeamModel fitted: ['assists', 'gb', 'goals', 'shots', 'sog', 'turnovers']
18:05:43 [INFO] pll.v3: Built team ratings: 294 rows x 219 cols
18:05:44 [INFO] pll.v3: TeamModel quality model fitted on 294 rows
18:05:44 [INFO] pll.v3: TeamModel fitted: ['assists', 'gb', 'goals', 'shots', 'sog', 'turnovers']
18:05:44 [INFO] pll.v3: Built team ratings: 296 rows x 219 cols
18:05:45 [INFO] pll.v3: TeamModel quality model fitted on 296 rows
18:05:45 [INFO] pll.v3: TeamModel fitted: ['assists', 'gb', 'goals', 'shots', 'sog', 'turnovers']
18:05:45 [INFO] pll.v3: Built team ratings: 298 rows x 219 cols
18:05:46 [INFO] pll.v3: TeamModel quality model fitted on 298 rows
18:05:46 [INFO] pll.v3: TeamModel fitted: ['assists', 'gb', 'goals', 'shots', 'sog', 'turnovers']
18:05:46 [INFO] pll.v3: Built team ratings: 300 rows x 219 cols
18:05:47 [INFO] pll.v3: TeamModel quality model fitted on 300 rows
18:05:47 [INFO] pll.v3: TeamModel fitted: ['assists', 'gb', 'goals', 'shots', 'sog', 'turnovers']
18:05:48 [INFO] pll.v3: Built team ratings: 302 rows x 219 cols
18:05:48 [INFO] pll.v3: TeamModel quality model fitted on 302 rows
18:05:48 [INFO] pll.v3: TeamModel fitted: ['assists', 'gb', 'goals', 'shots', 'sog', 'turnovers']
18:05:49 [INFO] pll.v3: Built team ratings: 304 rows x 219 cols
18:05:49 [INFO] pll.v3: TeamModel quality model fitted on 304 rows
18:05:49 [INFO] pll.v3: TeamModel fitted: ['assists', 'gb', 'goals', 'shots', 'sog', 'turnovers']
18:05:50 [INFO] pll.v3: Built team ratings: 306 rows x 219 cols
18:05:51 [INFO] pll.v3: TeamModel quality model fitted on 306 rows
18:05:51 [INFO] pll.v3: TeamModel fitted: ['assists', 'gb', 'goals', 'shots', 'sog', 'turnovers']
18:05:51 [INFO] pll.v3: Built team ratings: 308 rows x 219 cols
18:05:52 [INFO] pll.v3: TeamModel quality model fitted on 308 rows
18:05:52 [INFO] pll.v3: TeamModel fitted: ['assists', 'gb', 'goals', 'shots', 'sog', 'turnovers']
18:05:53 [INFO] pll.v3: Built team ratings: 310 rows x 219 cols
18:05:53 [INFO] pll.v3: TeamModel quality model fitted on 310 rows
18:05:53 [INFO] pll.v3: TeamModel fitted: ['assists', 'gb', 'goals', 'shots', 'sog', 'turnovers']
18:05:54 [INFO] pll.v3: Built team ratings: 312 rows x 219 cols
18:05:54 [INFO] pll.v3: TeamModel quality model fitted on 312 rows
18:05:54 [INFO] pll.v3: TeamModel fitted: ['assists', 'gb', 'goals', 'shots', 'sog', 'turnovers']
18:05:55 [INFO] pll.v3: Built team ratings: 314 rows x 219 cols
18:05:55 [INFO] pll.v3: TeamModel quality model fitted on 314 rows
18:05:55 [INFO] pll.v3: TeamModel fitted: ['assists', 'gb', 'goals', 'shots', 'sog', 'turnovers']
18:05:56 [INFO] pll.v3: Built team ratings: 316 rows x 219 cols
18:05:57 [INFO] pll.v3: TeamModel quality model fitted on 316 rows
18:05:57 [INFO] pll.v3: TeamModel fitted: ['assists', 'gb', 'goals', 'shots', 'sog', 'turnovers']
18:05:57 [INFO] pll.v3: Built team ratings: 318 rows x 219 cols
18:05:58 [INFO] pll.v3: TeamModel quality model fitted on 318 rows
18:05:58 [INFO] pll.v3: TeamModel fitted: ['assists', 'gb', 'goals', 'shots', 'sog', 'turnovers']
18:05:59 [INFO] pll.v3: Built team ratings: 320 rows x 219 cols
18:05:59 [INFO] pll.v3: TeamModel quality model fitted on 320 rows
18:05:59 [INFO] pll.v3: TeamModel fitted: ['assists', 'gb', 'goals', 'shots', 'sog', 'turnovers']
18:06:00 [INFO] pll.v3: Built team ratings: 322 rows x 219 cols
18:06:00 [INFO] pll.v3: TeamModel quality model fitted on 322 rows
18:06:00 [INFO] pll.v3: TeamModel fitted: ['assists', 'gb', 'goals', 'shots', 'sog', 'turnovers']
18:06:01 [INFO] pll.v3: Built team ratings: 324 rows x 219 cols
18:06:01 [INFO] pll.v3: TeamModel quality model fitted on 324 rows
18:06:01 [INFO] pll.v3: TeamModel fitted: ['assists', 'gb', 'goals', 'shots', 'sog', 'turnovers']
18:06:02 [INFO] pll.v3: Built team ratings: 326 rows x 219 cols
18:06:02 [INFO] pll.v3: TeamModel quality model fitted on 326 rows
18:06:02 [INFO] pll.v3: TeamModel fitted: ['assists', 'gb', 'goals', 'shots', 'sog', 'turnovers']
18:06:03 [INFO] pll.v3: Built team ratings: 328 rows x 219 cols
18:06:04 [INFO] pll.v3: TeamModel quality model fitted on 328 rows
18:06:04 [INFO] pll.v3: TeamModel fitted: ['assists', 'gb', 'goals', 'shots', 'sog', 'turnovers']
18:06:04 [INFO] pll.v3: Built team ratings: 330 rows x 219 cols
18:06:05 [INFO] pll.v3: TeamModel quality model fitted on 330 rows
18:06:05 [INFO] pll.v3: TeamModel fitted: ['assists', 'gb', 'goals', 'shots', 'sog', 'turnovers']
18:06:05 [INFO] pll.v3: Built team ratings: 332 rows x 219 cols
18:06:06 [INFO] pll.v3: TeamModel quality model fitted on 332 rows
18:06:06 [INFO] pll.v3: TeamModel fitted: ['assists', 'gb', 'goals', 'shots', 'sog', 'turnovers']
18:06:07 [INFO] pll.v3: Built team ratings: 334 rows x 219 cols
18:06:07 [INFO] pll.v3: TeamModel quality model fitted on 334 rows
18:06:07 [INFO] pll.v3: TeamModel fitted: ['assists', 'gb', 'goals', 'shots', 'sog', 'turnovers']
18:06:08 [INFO] pll.v3: Built team ratings: 336 rows x 219 cols
18:06:08 [INFO] pll.v3: TeamModel quality model fitted on 336 rows
18:06:08 [INFO] pll.v3: TeamModel fitted: ['assists', 'gb', 'goals', 'shots', 'sog', 'turnovers']
18:06:09 [INFO] pll.v3: Built team ratings: 338 rows x 219 cols
18:06:10 [INFO] pll.v3: TeamModel quality model fitted on 338 rows
18:06:10 [INFO] pll.v3: TeamModel fitted: ['assists', 'gb', 'goals', 'shots', 'sog', 'turnovers']
18:06:11 [INFO] pll.v3: Built team ratings: 340 rows x 219 cols
18:06:11 [INFO] pll.v3: TeamModel quality model fitted on 340 rows
18:06:11 [INFO] pll.v3: TeamModel fitted: ['assists', 'gb', 'goals', 'shots', 'sog', 'turnovers']
18:06:12 [INFO] pll.v3: Built team ratings: 342 rows x 219 cols
18:06:12 [INFO] pll.v3: TeamModel quality model fitted on 342 rows
18:06:12 [INFO] pll.v3: TeamModel fitted: ['assists', 'gb', 'goals', 'shots', 'sog', 'turnovers']
18:06:13 [INFO] pll.v3: Built team ratings: 344 rows x 219 cols
18:06:13 [INFO] pll.v3: TeamModel quality model fitted on 344 rows
18:06:13 [INFO] pll.v3: TeamModel fitted: ['assists', 'gb', 'goals', 'shots', 'sog', 'turnovers']
18:06:14 [INFO] pll.v3: Built team ratings: 346 rows x 219 cols
18:06:14 [INFO] pll.v3: TeamModel quality model fitted on 346 rows
18:06:14 [INFO] pll.v3: TeamModel fitted: ['assists', 'gb', 'goals', 'shots', 'sog', 'turnovers']
18:06:15 [INFO] pll.v3: Built team ratings: 348 rows x 219 cols
18:06:15 [INFO] pll.v3: TeamModel quality model fitted on 348 rows
18:06:15 [INFO] pll.v3: TeamModel fitted: ['assists', 'gb', 'goals', 'shots', 'sog', 'turnovers']
18:06:16 [INFO] pll.v3: Built team 18:06:22 [INFO] pll.v3: Built player ratings: 4378 rows x 155 cols
18:06:23 [INFO] pll.v3: TeamModel quality model fitted on 242 rows
18:06:23 [INFO] pll.v3: TeamModel fitted: ['assists', 'gb', 'goals', 'shots', 'sog', 'turnovers']
18:06:24 [INFO] pll.v3: Built team ratings: 244 rows x 219 cols
18:06:46 [INFO] pll.v3: Built player ratings: 4413 rows x 155 cols
18:06:46 [INFO] pll.v3: TeamModel quality model fitted on 244 rows
18:06:46 [INFO] pll.v3: TeamModel fitted: ['assists', 'gb', 'goals', 'shots', 'sog', 'turnovers']
18:06:47 [INFO] pll.v3: Built team ratings: 246 rows x 219 cols
18:07:11 [INFO] pll.v3: Built player ratings: 4448 rows x 155 cols
18:07:11 [INFO] pll.v3: TeamModel quality model fitted on 246 rows
18:07:11 [INFO] pll.v3: TeamModel fitted: ['assists', 'gb', 'goals', 'shots', 'sog', 'turnovers']
18:07:12 [INFO] pll.v3: Built team ratings: 248 rows x 219 cols
18:07:35 [INFO] pll.v3: Built player ratings: 4485 rows x 155 cols
18:07:35 [INFO] pll.v3: TeamModel quality model fitted on 248 rows
18:07:35 [INFO] pll.v3: TeamModel fitted: ['assists', 'gb', 'goals', 'shots', 'sog', 'turnovers']
18:07:36 [INFO] pll.v3: Built team ratings: 250 rows x 219 cols
18:07:59 [INFO] pll.v3: Built player ratings: 4521 rows x 155 cols
18:07:59 [INFO] pll.v3: TeamModel quality model fitted on 250 rows
18:07:59 [INFO] pll.v3: TeamModel fitted: ['assists', 'gb', 'goals', 'shots', 'sog', 'turnovers']
18:08:00 [INFO] pll.v3: Built team ratings: 252 rows x 219 cols
18:08:23 [INFO] pll.v3: Built player ratings: 4556 rows x 155 cols
18:08:23 [INFO] pll.v3: TeamModel quality model fitted on 252 rows
18:08:23 [INFO] pll.v3: TeamModel fitted: ['assists', 'gb', 'goals', 'shots', 'sog', 'turnovers']
18:08:24 [INFO] pll.v3: Built team ratings: 254 rows x 219 cols
18:08:48 [INFO] pll.v3: Built player ratings: 4591 rows x 155 cols
18:08:48 [INFO] pll.v3: TeamModel quality model fitted on 254 rows
18:08:48 [INFO] pll.v3: TeamModel fitted: ['assists', 'gb', 'goals', 'shots', 'sog', 'turnovers']
18:08:49 [INFO] pll.v3: Built team ratings: 256 rows x 219 cols
18:09:12 [INFO] pll.v3: Built player ratings: 4627 rows x 155 cols
18:09:13 [INFO] pll.v3: TeamModel quality model fitted on 256 rows
18:09:13 [INFO] pll.v3: TeamModel fitted: ['assists', 'gb', 'goals', 'shots', 'sog', 'turnovers']
18:09:14 [INFO] pll.v3: Built team ratings: 258 rows x 219 cols
18:09:39 [INFO] pll.v3: Built player ratings: 4663 rows x 155 cols
18:09:39 [INFO] pll.v3: TeamModel quality model fitted on 258 rows
18:09:39 [INFO] pll.v3: TeamModel fitted: ['assists', 'gb', 'goals', 'shots', 'sog', 'turnovers']
18:09:40 [INFO] pll.v3: Built team ratings: 260 rows x 219 cols
18:10:04 [INFO] pll.v3: Built player ratings: 4699 rows x 155 cols
18:10:04 [INFO] pll.v3: TeamModel quality model fitted on 260 rows
18:10:04 [INFO] pll.v3: TeamModel fitted: ['assists', 'gb', 'goals', 'shots', 'sog', 'turnovers']
18:10:05 [INFO] pll.v3: Built team ratings: 262 rows x 219 cols
18:10:29 [INFO] pll.v3: Built player ratings: 4735 rows x 155 cols
18:10:29 [INFO] pll.v3: TeamModel quality model fitted on 262 rows
18:10:29 [INFO] pll.v3: TeamModel fitted: ['assists', 'gb', 'goals', 'shots', 'sog', 'turnovers']
18:10:30 [INFO] pll.v3: Built team ratings: 264 rows x 219 cols
18:10:55 [INFO] pll.v3: Built player ratings: 4771 rows x 155 cols
18:10:56 [INFO] pll.v3: TeamModel quality model fitted on 264 rows
18:10:56 [INFO] pll.v3: TeamModel fitted: ['assists', 'gb', 'goals', 'shots', 'sog', 'turnovers']
18:10:57 [INFO] pll.v3: Built team ratings: 266 rows x 219 cols
18:11:21 [INFO] pll.v3: Built player ratings: 4807 rows x 155 cols
18:11:21 [INFO] pll.v3: TeamModel quality model fitted on 266 rows
18:11:21 [INFO] pll.v3: TeamModel fitted: ['assists', 'gb', 'goals', 'shots', 'sog', 'turnovers']
18:11:22 [INFO] pll.v3: Built team ratings: 268 rows x 219 cols
18:11:47 [INFO] pll.v3: Built player ratings: 4843 rows x 155 cols
18:11:47 [INFO] pll.v3: TeamModel quality model fitted on 268 rows
18:11:47 [INFO] pll.v3: TeamModel fitted: ['assists', 'gb', 'goals', 'shots', 'sog', 'turnovers']
18:11:48 [INFO] pll.v3: Built team ratings: 270 rows x 219 cols
18:12:13 [INFO] pll.v3: Built player ratings: 4879 rows x 155 cols
18:12:14 [INFO] pll.v3: TeamModel quality model fitted on 270 rows
18:12:14 [INFO] pll.v3: TeamModel fitted: ['assists', 'gb', 'goals', 'shots', 'sog', 'turnovers']
18:12:15 [INFO] pll.v3: Built team ratings: 272 rows x 219 cols
18:12:39 [INFO] pll.v3: Built player ratings: 4917 rows x 155 cols
18:12:39 [INFO] pll.v3: TeamModel quality model fitted on 272 rows
18:12:39 [INFO] pll.v3: TeamModel fitted: ['assists', 'gb', 'goals', 'shots', 'sog', 'turnovers']
18:12:40 [INFO] pll.v3: Built team ratings: 274 rows x 219 cols
18:13:05 [INFO] pll.v3: Built player ratings: 4953 rows x 155 cols
18:13:05 [INFO] pll.v3: TeamModel quality model fitted on 274 rows
18:13:05 [INFO] pll.v3: TeamModel fitted: ['assists', 'gb', 'goals', 'shots', 'sog', 'turnovers']
18:13:06 [INFO] pll.v3: Built team ratings: 276 rows x 219 cols
18:13:31 [INFO] pll.v3: Built player ratings: 4989 rows x 155 cols
18:13:31 [INFO] pll.v3: TeamModel quality model fitted on 276 rows
18:13:31 [INFO] pll.v3: TeamModel fitted: ['assists', 'gb', 'goals', 'shots', 'sog', 'turnovers']
18:13:32 [INFO] pll.v3: Built team ratings: 278 rows x 219 cols
18:13:54 [INFO] pll.v3: Built player ratings: 5025 rows x 155 cols
18:13:54 [INFO] pll.v3: TeamModel quality model fitted on 278 rows
18:13:54 [INFO] pll.v3: TeamModel fitted: ['assists', 'gb', 'goals', 'shots', 'sog', 'turnovers']
18:13:55 [INFO] pll.v3: Built team ratings: 280 rows x 219 cols
18:14:17 [INFO] pll.v3: Built player ratings: 5061 rows x 155 cols
18:14:18 [INFO] pll.v3: TeamModel quality model fitted on 280 rows
18:14:18 [INFO] pll.v3: TeamModel fitted: ['assists', 'gb', 'goals', 'shots', 'sog', 'turnovers']
18:14:19 [INFO] pll.v3: Built team ratings: 282 rows x 219 cols
18:14:42 [INFO] pll.v3: Built player ratings: 5097 rows x 155 cols
18:14:42 [INFO] pll.v3: TeamModel quality model fitted on 282 rows
18:14:42 [INFO] pll.v3: TeamModel fitted: ['assists', 'gb', 'goals', 'shots', 'sog', 'turnovers']
18:14:43 [INFO] pll.v3: Built team ratings: 284 rows x 219 cols
18:15:05 [INFO] pll.v3: Built player ratings: 5133 rows x 155 cols
18:15:05 [INFO] pll.v3: TeamModel quality model fitted on 284 rows
18:15:05 [INFO] pll.v3: TeamModel fitted: ['assists', 'gb', 'goals', 'shots', 'sog', 'turnovers']
18:15:06 [INFO] pll.v3: Built team ratings: 286 rows x 219 cols
18:15:29 [INFO] pll.v3: Built player ratings: 5169 rows x 155 cols
18:15:29 [INFO] pll.v3: TeamModel quality model fitted on 286 rows
18:15:29 [INFO] pll.v3: TeamModel fitted: ['assists', 'gb', 'goals', 'shots', 'sog', 'turnovers']
18:15:30 [INFO] pll.v3: Built team ratings: 288 rows x 219 cols
18:15:54 [INFO] pll.v3: Built player ratings: 5205 rows x 155 cols
18:15:54 [INFO] pll.v3: TeamModel quality model fitted on 288 rows
18:15:54 [INFO] pll.v3: TeamModel fitted: ['assists', 'gb', 'goals', 'shots', 'sog', 'turnovers']
18:15:55 [INFO] pll.v3: Built team ratings: 290 rows x 219 cols
18:16:17 [INFO] pll.v3: Built player ratings: 5241 rows x 155 cols
18:16:17 [INFO] pll.v3: TeamModel quality model fitted on 290 rows
18:16:17 [INFO] pll.v3: TeamModel fitted: ['assists', 'gb', 'goals', 'shots', 'sog', 'turnovers']
18:16:18 [INFO] pll.v3: Built team ratings: 292 rows x 219 cols
18:16:41 [INFO] pll.v3: Built player ratings: 5277 rows x 155 cols
18:16:41 [INFO] pll.v3: TeamModel quality model fitted on 292 rows
18:16:41 [INFO] pll.v3: TeamModel fitted: ['assists', 'gb', 'goals', 'shots', 'sog', 'turnovers']
18:16:42 [INFO] pll.v3: Built team ratings: 294 rows x 219 cols
18:17:06 [INFO] pll.v3: Built player ratings: 5313 rows x 155 cols
18:17:06 [INFO] pll.v3: TeamModel quality model fitted on 294 rows
18:17:06 [INFO] pll.v3: TeamModel fitted: ['assists', 'gb', 'goals', 'shots', 'sog', 'turnovers']
18:17:07 [INFO] pll.v3: Built team ratings: 296 rows x 219 cols
18:17:29 [INFO] pll.v3: Built player ratings: 5349 rows x 155 cols
18:17:30 [INFO] pll.v3: TeamModel quality model fitted on 296 rows
18:17:30 [INFO] pll.v3: TeamModel fitted: ['assists', 'gb', 'goals', 'shots', 'sog', 'turnovers']
18:17:30 [INFO] pll.v3: Built team ratings: 298 rows x 219 cols
18:17:50 [INFO] pll.v3: Built player ratings: 5385 rows x 155 cols
18:17:50 [INFO] pll.v3: TeamModel quality model fitted on 298 rows
18:17:50 [INFO] pll.v3: TeamModel fitted: ['assists', 'gb', 'goals', 'shots', 'sog', 'turnovers']
18:17:51 [INFO] pll.v3: Built team ratings: 300 rows x 219 cols
18:18:11 [INFO] pll.v3: Built player ratings: 5422 rows x 155 cols
18:18:11 [INFO] pll.v3: TeamModel quality model fitted on 300 rows
18:18:11 [INFO] pll.v3: TeamModel fitted: ['assists', 'gb', 'goals', 'shots', 'sog', 'turnovers']
18:18:12 [INFO] pll.v3: Built team ratings: 302 rows x 219 cols
18:18:31 [INFO] pll.v3: Built player ratings: 5459 rows x 155 cols
18:18:32 [INFO] pll.v3: TeamModel quality model fitted on 302 rows
18:18:32 [INFO] pll.v3: TeamModel fitted: ['assists', 'gb', 'goals', 'shots', 'sog', 'turnovers']
18:18:32 [INFO] pll.v3: Built team ratings: 304 rows x 219 cols
18:18:49 [INFO] pll.v3: Built player ratings: 5496 rows x 155 cols
18:18:49 [INFO] pll.v3: TeamModel quality model fitted on 304 rows
18:18:49 [INFO] pll.v3: TeamModel fitted: ['assists', 'gb', 'goals', 'shots', 'sog', 'turnovers']
18:18:50 [INFO] pll.v3: Built team ratings: 306 rows x 219 cols
18:19:27 [INFO] pll.v3: Built player ratings: 5532 rows x 155 cols
18:19:27 [INFO] pll.v3: TeamModel quality model fitted on 306 rows
18:19:27 [INFO] pll.v3: TeamModel fitted: ['assists', 'gb', 'goals', 'shots', 'sog', 'turnovers']
18:19:28 [INFO] pll.v3: Built team ratings: 308 rows x 219 cols
18:19:59 [INFO] pll.v3: Built player ratings: 5569 rows x 155 cols
18:19:59 [INFO] pll.v3: TeamModel quality model fitted on 308 rows
18:19:59 [INFO] pll.v3: TeamModel fitted: ['assists', 'gb', 'goals', 'shots', 'sog', 'turnovers']
18:20:00 [INFO] pll.v3: Built team ratings: 310 rows x 219 cols
18:20:23 [INFO] pll.v3: Built player ratings: 5605 rows x 155 cols
18:20:23 [INFO] pll.v3: TeamModel quality model fitted on 310 rows
18:20:23 [INFO] pll.v3: TeamModel fitted: ['assists', 'gb', 'goals', 'shots', 'sog', 'turnovers']
18:20:24 [INFO] pll.v3: Built team ratings: 312 rows x 219 cols
18:20:50 [INFO] pll.v3: Built player ratings: 5642 rows x 155 cols
18:20:51 [INFO] pll.v3: TeamModel quality model fitted on 312 rows
18:20:51 [INFO] pll.v3: TeamModel fitted: ['assists', 'gb', 'goals', 'shots', 'sog', 'turnovers']
18:20:52 [INFO] pll.v3: Built team ratings: 314 rows x 219 cols
18:21:21 [INFO] pll.v3: Built player ratings: 5678 rows x 155 cols
18:21:21 [INFO] pll.v3: TeamModel quality model fitted on 314 rows
18:21:21 [INFO] pll.v3: TeamModel fitted: ['assists', 'gb', 'goals', 'shots', 'sog', 'turnovers']
18:21:22 [INFO] pll.v3: Built team ratings: 316 rows x 219 cols
18:22:02 [INFO] pll.v3: Built player ratings: 5714 rows x 155 cols
18:22:02 [INFO] pll.v3: TeamModel quality model fitted on 316 rows
18:22:02 [INFO] pll.v3: TeamModel fitted: ['assists', 'gb', 'goals', 'shots', 'sog', 'turnovers']
18:22:03 [INFO] pll.v3: Built team ratings: 318 rows x 219 cols
18:22:37 [INFO] pll.v3: Built player ratings: 5750 rows x 155 cols
18:22:38 [INFO] pll.v3: TeamModel quality model fitted on 318 rows
18:22:38 [INFO] pll.v3: TeamModel fitted: ['assists', 'gb', 'goals', 'shots', 'sog', 'turnovers']

== PLAYER (TEST 2025) ==
  assists : MAE=0.671  bias=+0.036  corr=0.443  avg_pred=0.68  avg_act=0.65
  fo_pct  : MAE=0.120  bias=-0.005  corr=0.421  avg_pred=0.53  avg_act=0.53
  fo_wins : MAE=3.239  bias=-0.281  corr=0.377  avg_pred=12.67  avg_act=12.95
  goals   : MAE=0.983  bias=+0.061  corr=0.176  avg_pred=1.33  avg_act=1.27
  save_pct: MAE=0.085  bias=+0.007  corr=0.185  avg_pre18:22:53 [INFO] pll.v3: Built player ratings: 5714 rows x 155 cols
18:22:54 [INFO] pll.v3: TeamModel quality model fitted on 316 rows
18:22:54 [INFO] pll.v3: TeamModel fitted: ['assists', 'gb', 'goals', 'shots', 'sog', 'turnovers']
18:22:55 [INFO] pll.v3: Built team ratings: 318 rows x 219 cols
18:23:29 [INFO] pll.v3: Built player ratings: 5750 rows x 155 cols
18:23:30 [INFO] pll.v3: TeamModel quality model fitted on 318 rows
18:23:30 [INFO] pll.v3: TeamModel fitted: ['assists', 'gb', 'goals', 'shots', 'sog', 'turnovers']

== PLAYER (TEST 2025) ==
  assists : MAE=0.671  bias=+0.036  corr=0.443  avg_pred=0.68  avg_act=0.65
  fo_pct  : MAE=0.120  bias=-0.005  corr=0.421  avg_pred=0.53  avg_act=0.53
  fo_wins : MAE=3.239  bias=-0.281  corr=0.377  avg_pred=12.67  avg_act=12.95
  goals   : MAE=0.983  bias=+0.061  corr=0.176  avg_pred=1.33  avg_act=1.27
  save_pct: MAE=0.085  bias=+0.007  corr=0.185  avg_pred=0.55  avg_act=0.54
  saves   : MAE=3.315  bias=-0.563  corr=0.186  avg_pred=12.46  avg_act=13.03
  sf_implied: MAE=4.095  bias=-1.289  corr=0.393  avg_pred=22.75  avg_act=24.04
  shots   : MAE=2.007  bias=+0.204  corr=0.331  avg_pred=4.78  avg_act=4.58

============================================================
DONE  tag=FINAL-ABC
============================================================
