============================================================
FAST BACKTEST  sims=2500  tag=STEP-B-touches
============================================================
15:44:45 [INFO] pll.v3: DataLoader: C:\Users\a.payzant\OneDrive - DK Crown Holdings Inc\Desktop\PLL_App_Deploy\data\analytics_database\pll_warehouse.duckdb
15:44:45 [INFO] pll.v3: Loading warehouse data...
15:44:45 [INFO] pll.v3: Loaded 352 team-game rows
15:44:45 [INFO] pll.v3: Loaded 6350 player-game rows
15:44:45 [INFO] pll.v3: Loaded 32 schedule rows
15:44:45 [INFO] pll.v3: Loaded 40 team-defense rows
15:44:45 [INFO] pll.v3: Loaded: 352 team-game rows | 6350 player-game rows | 32 upcoming games
15:44:45 [INFO] pll.v3: Current roster cache: {'available': True, 'source': 'current_rosters_csv', 'path': 'C:\\Users\\a.payzant\\OneDrive - DK Crown Holdings Inc\\Desktop\\PLL_App_Deploy\\data\\reference_tables\\current_rosters.csv', 'rows': 221, 'reason': 'loaded'}
15:44:46 [INFO] pll.v3: Built team ratings: 240 rows x 219 cols
15:44:47 [INFO] pll.v3: TeamModel quality model fitted on 240 rows
15:44:47 [INFO] pll.v3: TeamModel fitted: ['assists', 'gb', 'goals', 'shots', 'sog', 'turnovers']
15:44:48 [INFO] pll.v3: Built team ratings: 240 rows x 219 cols
15:44:49 [INFO] pll.v3: TeamModel quality model fitted on 240 rows
15:44:49 [INFO] pll.v3: TeamModel fitted: ['assists', 'gb', 'goals', 'shots', 'sog', 'turnovers']
15:44:50 [INFO] pll.v3: Built team ratings: 242 rows x 219 cols
15:44:51 [INFO] pll.v3: TeamModel quality model fitted on 242 rows
15:44:51 [INFO] pll.v3: TeamModel fitted: ['assists', 'gb', 'goals', 'shots', 'sog', 'turnovers']
15:44:52 [INFO] pll.v3: Built team ratings: 244 rows x 219 cols
15:44:52 [INFO] pll.v3: TeamModel quality model fitted on 244 rows
15:44:52 [INFO] pll.v3: TeamModel fitted: ['assists', 'gb', 'goals', 'shots', 'sog', 'turnovers']
15:44:53 [INFO] pll.v3: Built team ratings: 246 rows x 219 cols
15:44:54 [INFO] pll.v3: TeamModel quality model fitted on 246 rows
15:44:54 [INFO] pll.v3: TeamModel fitted: ['assists', 'gb', 'goals', 'shots', 'sog', 'turnovers']
15:44:55 [INFO] pll.v3: Built team ratings: 248 rows x 219 cols
15:44:55 [INFO] pll.v3: TeamModel quality model fitted on 248 rows
15:44:55 [INFO] pll.v3: TeamModel fitted: ['assists', 'gb', 'goals', 'shots', 'sog', 'turnovers']
15:44:56 [INFO] pll.v3: Built team ratings: 250 rows x 219 cols
15:44:57 [INFO] pll.v3: TeamModel quality model fitted on 250 rows
15:44:57 [INFO] pll.v3: TeamModel fitted: ['assists', 'gb', 'goals', 'shots', 'sog', 'turnovers']
15:44:58 [INFO] pll.v3: Built team ratings: 252 rows x 219 cols
15:44:59 [INFO] pll.v3: TeamModel quality model fitted on 252 rows
15:44:59 [INFO] pll.v3: TeamModel fitted: ['assists', 'gb', 'goals', 'shots', 'sog', 'turnovers']
15:44:59 [INFO] pll.v3: Built team ratings: 254 rows x 219 cols
15:45:00 [INFO] pll.v3: TeamModel quality model fitted on 254 rows
15:45:00 [INFO] pll.v3: TeamModel fitted: ['assists', 'gb', 'goals', 'shots', 'sog', 'turnovers']
15:45:00 [INFO] pll.v3: Built team ratings: 256 rows x 219 cols
15:45:01 [INFO] pll.v3: TeamModel quality model fitted on 256 rows
15:45:01 [INFO] pll.v3: TeamModel fitted: ['assists', 'gb', 'goals', 'shots', 'sog', 'turnovers']
15:45:02 [INFO] pll.v3: Built team ratings: 258 rows x 219 cols
15:45:02 [INFO] pll.v3: TeamModel quality model fitted on 258 rows
15:45:02 [INFO] pll.v3: TeamModel fitted: ['assists', 'gb', 'goals', 'shots', 'sog', 'turnovers']
15:45:03 [INFO] pll.v3: Built team ratings: 260 rows x 219 cols
15:45:03 [INFO] pll.v3: TeamModel quality model fitted on 260 rows
15:45:03 [INFO] pll.v3: TeamModel fitted: ['assists', 'gb', 'goals', 'shots', 'sog', 'turnovers']
15:45:04 [INFO] pll.v3: Built team ratings: 262 rows x 219 cols
15:45:04 [INFO] pll.v3: TeamModel quality model fitted on 262 rows
15:45:04 [INFO] pll.v3: TeamModel fitted: ['assists', 'gb', 'goals', 'shots', 'sog', 'turnovers']
15:45:05 [INFO] pll.v3: Built team ratings: 264 rows x 219 cols
15:45:05 [INFO] pll.v3: TeamModel quality model fitted on 264 rows
15:45:05 [INFO] pll.v3: TeamModel fitted: ['assists', 'gb', 'goals', 'shots', 'sog', 'turnovers']
15:45:06 [INFO] pll.v3: Built team ratings: 266 rows x 219 cols
15:45:06 [INFO] pll.v3: TeamModel quality model fitted on 266 rows
15:45:06 [INFO] pll.v3: TeamModel fitted: ['assists', 'gb', 'goals', 'shots', 'sog', 'turnovers']
15:45:07 [INFO] pll.v3: Built team ratings: 268 rows x 219 cols
15:45:07 [INFO] pll.v3: TeamModel quality model fitted on 268 rows
15:45:07 [INFO] pll.v3: TeamModel fitted: ['assists', 'gb', 'goals', 'shots', 'sog', 'turnovers']
15:45:08 [INFO] pll.v3: Built team ratings: 270 rows x 219 cols
15:45:08 [INFO] pll.v3: TeamModel quality model fitted on 270 rows
15:45:08 [INFO] pll.v3: TeamModel fitted: ['assists', 'gb', 'goals', 'shots', 'sog', 'turnovers']
15:45:09 [INFO] pll.v3: Built team ratings: 272 rows x 219 cols
15:45:09 [INFO] pll.v3: TeamModel quality model fitted on 272 rows
15:45:09 [INFO] pll.v3: TeamModel fitted: ['assists', 'gb', 'goals', 'shots', 'sog', 'turnovers']
15:45:10 [INFO] pll.v3: Built team ratings: 274 rows x 219 cols
15:45:11 [INFO] pll.v3: TeamModel quality model fitted on 274 rows
15:45:11 [INFO] pll.v3: TeamModel fitted: ['assists', 'gb', 'goals', 'shots', 'sog', 'turnovers']
15:45:12 [INFO] pll.v3: Built team ratings: 276 rows x 219 cols
15:45:12 [INFO] pll.v3: TeamModel quality model fitted on 276 rows
15:45:12 [INFO] pll.v3: TeamModel fitted: ['assists', 'gb', 'goals', 'shots', 'sog', 'turnovers']
15:45:13 [INFO] pll.v3: Built team ratings: 278 rows x 219 cols
15:45:13 [INFO] pll.v3: TeamModel quality model fitted on 278 rows
15:45:13 [INFO] pll.v3: TeamModel fitted: ['assists', 'gb', 'goals', 'shots', 'sog', 'turnovers']
15:45:14 [INFO] pll.v3: Built team ratings: 280 rows x 219 cols
15:45:14 [INFO] pll.v3: TeamModel quality model fitted on 280 rows
15:45:14 [INFO] pll.v3: TeamModel fitted: ['assists', 'gb', 'goals', 'shots', 'sog', 'turnovers']
15:45:15 [INFO] pll.v3: Built team ratings: 282 rows x 219 cols
15:45:15 [INFO] pll.v3: TeamModel quality model fitted on 282 rows
15:45:15 [INFO] pll.v3: TeamModel fitted: ['assists', 'gb', 'goals', 'shots', 'sog', 'turnovers']
15:45:16 [INFO] pll.v3: Built team ratings: 284 rows x 219 cols
15:45:16 [INFO] pll.v3: TeamModel quality model fitted on 284 rows
15:45:16 [INFO] pll.v3: TeamModel fitted: ['assists', 'gb', 'goals', 'shots', 'sog', 'turnovers']
15:45:17 [INFO] pll.v3: Built team ratings: 286 rows x 219 cols
15:45:17 [INFO] pll.v3: TeamModel quality model fitted on 286 rows
15:45:17 [INFO] pll.v3: TeamModel fitted: ['assists', 'gb', 'goals', 'shots', 'sog', 'turnovers']
15:45:18 [INFO] pll.v3: Built team ratings: 288 rows x 219 cols
15:45:18 [INFO] pll.v3: TeamModel quality model fitted on 288 rows
15:45:18 [INFO] pll.v3: TeamModel fitted: ['assists', 'gb', 'goals', 'shots', 'sog', 'turnovers']
15:45:19 [INFO] pll.v3: Built team ratings: 290 rows x 219 cols
15:45:19 [INFO] pll.v3: TeamModel quality model fitted on 290 rows
15:45:19 [INFO] pll.v3: TeamModel fitted: ['assists', 'gb', 'goals', 'shots', 'sog', 'turnovers']
15:45:20 [INFO] pll.v3: Built team ratings: 292 rows x 219 cols
15:45:20 [INFO] pll.v3: TeamModel quality model fitted on 292 rows
15:45:20 [INFO] pll.v3: TeamModel fitted: ['assists', 'gb', 'goals', 'shots', 'sog', 'turnovers']
15:45:21 [INFO] pll.v3: Built team ratings: 294 rows x 219 cols
15:45:21 [INFO] pll.v3: TeamModel quality model fitted on 294 rows
15:45:21 [INFO] pll.v3: TeamModel fitted: ['assists', 'gb', 'goals', 'shots', 'sog', 'turnovers']
15:45:22 [INFO] pll.v3: Built team ratings: 296 rows x 219 cols
15:45:22 [INFO] pll.v3: TeamModel quality model fitted on 296 rows
15:45:22 [INFO] pll.v3: TeamModel fitted: ['assists', 'gb', 'goals', 'shots', 'sog', 'turnovers']
15:45:23 [INFO] pll.v3: Built team ratings: 298 rows x 219 cols
15:45:23 [INFO] pll.v3: TeamModel quality model fitted on 298 rows
15:45:23 [INFO] pll.v3: TeamModel fitted: ['assists', 'gb', 'goals', 'shots', 'sog', 'turnovers']
15:45:24 [INFO] pll.v3: Built team ratings: 300 rows x 219 cols
15:45:24 [INFO] pll.v3: TeamModel quality model fitted on 300 rows
15:45:24 [INFO] pll.v3: TeamModel fitted: ['assists', 'gb', 'goals', 'shots', 'sog', 'turnovers']
15:45:25 [INFO] pll.v3: Built team ratings: 302 rows x 219 cols
15:45:25 [INFO] pll.v3: TeamModel quality model fitted on 302 rows
15:45:25 [INFO] pll.v3: TeamModel fitted: ['assists', 'gb', 'goals', 'shots', 'sog', 'turnovers']
15:45:26 [INFO] pll.v3: Built team ratings: 304 rows x 219 cols
15:45:27 [INFO] pll.v3: TeamModel quality model fitted on 304 rows
15:45:27 [INFO] pll.v3: TeamModel fitted: ['assists', 'gb', 'goals', 'shots', 'sog', 'turnovers']
15:45:27 [INFO] pll.v3: Built team ratings: 306 rows x 219 cols
15:45:28 [INFO] pll.v3: TeamModel quality model fitted on 306 rows
15:45:28 [INFO] pll.v3: TeamModel fitted: ['assists', 'gb', 'goals', 'shots', 'sog', 'turnovers']
15:45:28 [INFO] pll.v3: Built team ratings: 308 rows x 219 cols
15:45:28 [INFO] pll.v3: TeamModel quality model fitted on 308 rows
15:45:28 [INFO] pll.v3: TeamModel fitted: ['assists', 'gb', 'goals', 'shots', 'sog', 'turnovers']
15:45:29 [INFO] pll.v3: Built team ratings: 310 rows x 219 cols
15:45:30 [INFO] pll.v3: TeamModel quality model fitted on 310 rows
15:45:30 [INFO] pll.v3: TeamModel fitted: ['assists', 'gb', 'goals', 'shots', 'sog', 'turnovers']
15:45:30 [INFO] pll.v3: Built team ratings: 312 rows x 219 cols
15:45:31 [INFO] pll.v3: TeamModel quality model fitted on 312 rows
15:45:31 [INFO] pll.v3: TeamModel fitted: ['assists', 'gb', 'goals', 'shots', 'sog', 'turnovers']
15:45:31 [INFO] pll.v3: Built team ratings: 314 rows x 219 cols
15:45:32 [INFO] pll.v3: TeamModel quality model fitted on 314 rows
15:45:32 [INFO] pll.v3: TeamModel fitted: ['assists', 'gb', 'goals', 'shots', 'sog', 'turnovers']
15:45:33 [INFO] pll.v3: Built team ratings: 316 rows x 219 cols
15:45:33 [INFO] pll.v3: TeamModel quality model fitted on 316 rows
15:45:33 [INFO] pll.v3: TeamModel fitted: ['assists', 'gb', 'goals', 'shots', 'sog', 'turnovers']
15:45:34 [INFO] pll.v3: Built team ratings: 318 rows x 219 cols
15:45:34 [INFO] pll.v3: TeamModel quality model fitted on 318 rows
15:45:34 [INFO] pll.v3: TeamModel fitted: ['assists', 'gb', 'goals', 'shots', 'sog', 'turnovers']
15:45:35 [INFO] pll.v3: Built team ratings: 320 rows x 219 cols
15:45:35 [INFO] pll.v3: TeamModel quality model fitted on 320 rows
15:45:35 [INFO] pll.v3: TeamModel fitted: ['assists', 'gb', 'goals', 'shots', 'sog', 'turnovers']
15:45:36 [INFO] pll.v3: Built team ratings: 322 rows x 219 cols
15:45:36 [INFO] pll.v3: TeamModel quality model fitted on 322 rows
15:45:36 [INFO] pll.v3: TeamModel fitted: ['assists', 'gb', 'goals', 'shots', 'sog', 'turnovers']
15:45:37 [INFO] pll.v3: Built team ratings: 324 rows x 219 cols
15:45:37 [INFO] pll.v3: TeamModel quality model fitted on 324 rows
15:45:37 [INFO] pll.v3: TeamModel fitted: ['assists', 'gb', 'goals', 'shots', 'sog', 'turnovers']
15:45:38 [INFO] pll.v3: Built team ratings: 326 rows x 219 cols
15:45:38 [INFO] pll.v3: TeamModel quality model fitted on 326 rows
15:45:38 [INFO] pll.v3: TeamModel fitted: ['assists', 'gb', 'goals', 'shots', 'sog', 'turnovers']
15:45:39 [INFO] pll.v3: Built team ratings: 328 rows x 219 cols
15:45:39 [INFO] pll.v3: TeamModel quality model fitted on 328 rows
15:45:39 [INFO] pll.v3: TeamModel fitted: ['assists', 'gb', 'goals', 'shots', 'sog', 'turnovers']
15:45:40 [INFO] pll.v3: Built team ratings: 330 rows x 219 cols
15:45:40 [INFO] pll.v3: TeamModel quality model fitted on 330 rows
15:45:40 [INFO] pll.v3: TeamModel fitted: ['assists', 'gb', 'goals', 'shots', 'sog', 'turnovers']
15:45:41 [INFO] pll.v3: Built team ratings: 332 rows x 219 cols
15:45:41 [INFO] pll.v3: TeamModel quality model fitted on 332 rows
15:45:41 [INFO] pll.v3: TeamModel fitted: ['assists', 'gb', 'goals', 'shots', 'sog', 'turnovers']
15:45:42 [INFO] pll.v3: Built team ratings: 334 rows x 219 cols
15:45:42 [INFO] pll.v3: TeamModel quality model fitted on 334 rows
15:45:42 [INFO] pll.v3: TeamModel fitted: ['assists', 'gb', 'goals', 'shots', 'sog', 'turnovers']
15:45:43 [INFO] pll.v3: Built team ratings: 336 rows x 219 cols
15:45:43 [INFO] pll.v3: TeamModel quality model fitted on 336 rows
15:45:43 [INFO] pll.v3: TeamModel fitted: ['assists', 'gb', 'goals', 'shots', 'sog', 'turnovers']
15:45:44 [INFO] pll.v3: Built team ratings: 338 rows x 219 cols
15:45:44 [INFO] pll.v3: TeamModel quality model fitted on 338 rows
15:45:44 [INFO] pll.v3: TeamModel fitted: ['assists', 'gb', 'goals', 'shots', 'sog', 'turnovers']
15:45:45 [INFO] pll.v3: Built team ratings: 340 rows x 219 cols
15:45:45 [INFO] pll.v3: TeamModel quality model fitted on 340 rows
15:45:45 [INFO] pll.v3: TeamModel fitted: ['assists', 'gb', 'goals', 'shots', 'sog', 'turnovers']
15:45:45 [INFO] pll.v3: Built team ratings: 342 rows x 219 cols
15:45:46 [INFO] pll.v3: TeamModel quality model fitted on 342 rows
15:45:46 [INFO] pll.v3: TeamModel fitted: ['assists', 'gb', 'goals', 'shots', 'sog', 'turnovers']
15:45:46 [INFO] pll.v3: Built team ratings: 344 rows x 219 cols
15:45:47 [INFO] pll.v3: TeamModel quality model fitted on 344 rows
15:45:47 [INFO] pll.v3: TeamModel fitted: ['assists', 'gb', 'goals', 'shots', 'sog', 'turnovers']
15:45:47 [INFO] pll.v3: Built team ratings: 346 rows x 219 cols
15:45:48 [INFO] pll.v3: TeamModel quality model fitted on 346 rows
15:45:48 [INFO] pll.v3: TeamModel fitted: ['assists', 'gb', 'goals', 'shots', 'sog', 'turnovers']
15:45:49 [INFO] pll.v3: Built team ratings: 348 rows x 219 cols
15:45:49 [INFO] pll.v3: TeamModel quality model fitted on 348 rows
15:45:49 [INFO] pll.v3: TeamModel fitted: ['assists', 'gb', 'goals', 'shots', 'sog', 'turnovers']
15:45:50 [INFO] pll.v3: Built team ratings: 350 rows x 219 cols
15:45:50 [INFO] pll.v3: TeamModel quality model fitted on 350 rows
15:45:50 [INFO] pll.v3: TeamModel fitted: ['assists', 'gb', 'goals', 'shots', 'sog', 'turnovers']

== TEAM ==
  2025: n= 40  totMAE=3.670  bias=-0.391  sideMAE=2.609  acc=45%  Brier=0.2577
        SOG: pred=25.81 act=26.34 bias=-0.53 MAE=3.79   SHOTS: pred=41.31 act=41.79 bias=-0.47
  2026: n= 16  totMAE=3.528  bias=+1.906  sideMAE=2.979  acc=44%  Brier=0.2620
        SOG: pred=26.00 act=25.50 bias=+0.50 MAE=3.82   SHOTS: pred=41.37 act=41.19 bias=+0.19
15:45:51 [INFO] pll.v3: Built team ratings: 240 rows x 219 cols
15:46:13 [INFO] pll.v3: Built player ratings: 4343 rows x 155 cols
15:46:13 [INFO] pll.v3: TeamModel quality model fitted on 240 rows
15:46:13 [INFO] pll.v3: TeamModel fitted: ['assists', 'gb', 'goals', 'shots', 'sog', 'turnovers']
15:46:14 [INFO] pll.v3: Built team ratings: 242 rows x 219 cols
15:46:34 [INFO] pll.v3: Built player ratings: 4378 rows x 155 cols
15:46:34 [INFO] pll.v3: TeamModel quality model fitted on 242 rows
15:46:34 [INFO] pll.v3: TeamModel fitted: ['assists', 'gb', 'goals', 'shots', 'sog', 'turnovers']
15:46:36 [INFO] pll.v3: Built team ratings: 244 rows x 219 cols
15:47:01 [INFO] pll.v3: Built player ratings: 4413 rows x 155 cols
15:47:01 [INFO] pll.v3: TeamModel quality model fitted on 244 rows
15:47:01 [INFO] pll.v3: TeamModel fitted: ['assists', 'gb', 'goals', 'shots', 'sog', 'turnovers']
15:47:03 [INFO] pll.v3: Built team ratings: 246 rows x 219 cols
15:47:29 [INFO] pll.v3: Built player ratings: 4448 rows x 155 cols
15:47:29 [INFO] pll.v3: TeamModel quality model fitted on 246 rows
15:47:29 [INFO] pll.v3: TeamModel fitted: ['assists', 'gb', 'goals', 'shots', 'sog', 'turnovers']
15:47:30 [INFO] pll.v3: Built team ratings: 248 rows x 219 cols
15:47:58 [INFO] pll.v3: Built player ratings: 4485 rows x 155 cols
15:47:58 [INFO] pll.v3: TeamModel quality model fitted on 248 rows
15:47:58 [INFO] pll.v3: TeamModel fitted: ['assists', 'gb', 'goals', 'shots', 'sog', 'turnovers']
15:47:59 [INFO] pll.v3: Built team ratings: 250 rows x 219 cols
15:48:21 [INFO] pll.v3: Built player ratings: 4521 rows x 155 cols
15:48:21 [INFO] pll.v3: TeamModel quality model fitted on 250 rows
15:48:21 [INFO] pll.v3: TeamModel fitted: ['assists', 'gb', 'goals', 'shots', 'sog', 'turnovers']
15:48:22 [INFO] pll.v3: Built team ratings: 252 rows x 219 cols
15:48:42 [INFO] pll.v3: Built player ratings: 4556 rows x 155 cols
15:48:42 [INFO] pll.v3: TeamModel quality model fitted on 252 rows
15:48:42 [INFO] pll.v3: TeamModel fitted: ['assists', 'gb', 'goals', 'shots', 'sog', 'turnovers']
15:48:43 [INFO] pll.v3: Built team ratings: 254 rows x 219 cols
15:49:08 [INFO] pll.v3: Built player ratings: 4591 rows x 155 cols
15:49:09 [INFO] pll.v3: TeamModel quality model fitted on 254 rows
15:49:09 [INFO] pll.v3: TeamModel fitted: ['assists', 'gb', 'goals', 'shots', 'sog', 'turnovers']
15:49:10 [INFO] pll.v3: Built team ratings: 256 rows x 219 cols
15:49:33 [INFO] pll.v3: Built player ratings: 4627 rows x 155 cols
15:49:33 [INFO] pll.v3: TeamModel quality model fitted on 256 rows
15:49:33 [INFO] pll.v3: TeamModel fitted: ['assists', 'gb', 'goals', 'shots', 'sog', 'turnovers']
15:49:34 [INFO] pll.v3: Built team ratings: 258 rows x 219 cols
15:50:00 [INFO] pll.v3: Built player ratings: 4663 rows x 155 cols
15:50:00 [INFO] pll.v3: TeamModel quality model fitted on 258 rows
15:50:00 [INFO] pll.v3: TeamModel fitted: ['assists', 'gb', 'goals', 'shots', 'sog', 'turnovers']
15:50:01 [INFO] pll.v3: Built team ratings: 260 rows x 219 cols
15:50:26 [INFO] pll.v3: Built player ratings: 4699 rows x 155 cols
15:50:26 [INFO] pll.v3: TeamModel quality model fitted on 260 rows
15:50:26 [INFO] pll.v3: TeamModel fitted: ['assists', 'gb', 'goals', 'shots', 'sog', 'turnovers']
15:50:27 [INFO] pll.v3: Built team ratings: 262 rows x 219 cols
15:50:50 [INFO] pll.v3: Built player ratings: 4735 rows x 155 cols
15:50:51 [INFO] pll.v3: TeamModel quality model fitted on 262 rows
15:50:51 [INFO] pll.v3: TeamModel fitted: ['assists', 'gb', 'goals', 'shots', 'sog', 'turnovers']
15:50:51 [INFO] pll.v3: Built team ratings: 264 rows x 219 cols
15:51:15 [INFO] pll.v3: Built player ratings: 4771 rows x 155 cols
15:51:15 [INFO] pll.v3: TeamModel quality model fitted on 264 rows
15:51:15 [INFO] pll.v3: TeamModel fitted: ['assists', 'gb', 'goals', 'shots', 'sog', 'turnovers']
15:51:16 [INFO] pll.v3: Built team ratings: 266 rows x 219 cols
15:51:37 [INFO] pll.v3: Built player ratings: 4807 rows x 155 cols
15:51:38 [INFO] pll.v3: TeamModel quality model fitted on 266 rows
15:51:38 [INFO] pll.v3: TeamModel fitted: ['assists', 'gb', 'goals', 'shots', 'sog', 'turnovers']
15:51:38 [INFO] pll.v3: Built team ratings: 268 rows x 219 cols
15:51:59 [INFO] pll.v3: Built player ratings: 4843 rows x 155 cols
15:51:59 [INFO] pll.v3: TeamModel quality model fitted on 268 rows
15:51:59 [INFO] pll.v3: TeamModel fitted: ['assists', 'gb', 'goals', 'shots', 'sog', 'turnovers']
15:52:00 [INFO] pll.v3: Built team ratings: 270 rows x 219 cols
15:52:20 [INFO] pll.v3: Built player ratings: 4879 rows x 155 cols
15:52:21 [INFO] pll.v3: TeamModel quality model fitted on 270 rows
15:52:21 [INFO] pll.v3: TeamModel fitted: ['assists', 'gb', 'goals', 'shots', 'sog', 'turnovers']
15:52:21 [INFO] pll.v3: Built team ratings: 272 rows x 219 cols
15:52:43 [INFO] pll.v3: Built player ratings: 4917 rows x 155 cols
15:52:43 [INFO] pll.v3: TeamModel quality model fitted on 272 rows
15:52:43 [INFO] pll.v3: TeamModel fitted: ['assists', 'gb', 'goals', 'shots', 'sog', 'turnovers']
15:52:44 [INFO] pll.v3: Built team ratings: 274 rows x 219 cols
15:53:10 [INFO] pll.v3: Built player ratings: 4953 rows x 155 cols
15:53:10 [INFO] pll.v3: TeamModel quality model fitted on 274 rows
15:53:10 [INFO] pll.v3: TeamModel fitted: ['assists', 'gb', 'goals', 'shots', 'sog', 'turnovers']
15:53:11 [INFO] pll.v3: Built team ratings: 276 rows x 219 cols
15:53:36 [INFO] pll.v3: Built player ratings: 4989 rows x 155 cols
15:53:36 [INFO] pll.v3: TeamModel quality model fitted on 276 rows
15:53:36 [INFO] pll.v3: TeamModel fitted: ['assists', 'gb', 'goals', 'shots', 'sog', 'turnovers']
15:53:37 [INFO] pll.v3: Built team ratings: 278 rows x 219 cols
15:54:04 [INFO] pll.v3: Built player ratings: 5025 rows x 155 cols
15:54:04 [INFO] pll.v3: TeamModel quality model fitted on 278 rows
15:54:04 [INFO] pll.v3: TeamModel fitted: ['assists', 'gb', 'goals', 'shots', 'sog', 'turnovers']
15:54:05 [INFO] pll.v3: Built team ratings: 280 rows x 219 cols
15:54:29 [INFO] pll.v3: Built player ratings: 5061 rows x 155 cols
15:54:30 [INFO] pll.v3: TeamModel quality model fitted on 280 rows
15:54:30 [INFO] pll.v3: TeamModel fitted: ['assists', 'gb', 'goals', 'shots', 'sog', 'turnovers']
15:54:31 [INFO] pll.v3: Built team ratings: 282 rows x 219 cols
15:54:59 [INFO] pll.v3: Built player ratings: 5097 rows x 155 cols
15:54:59 [INFO] pll.v3: TeamModel quality model fitted on 282 rows
15:54:59 [INFO] pll.v3: TeamModel fitted: ['assists', 'gb', 'goals', 'shots', 'sog', 'turnovers']
15:55:00 [INFO] pll.v3: Built team ratings: 284 rows x 219 cols
15:55:31 [INFO] pll.v3: Built player ratings: 5133 rows x 155 cols
15:55:31 [INFO] pll.v3: TeamModel quality model fitted on 284 rows
15:55:31 [INFO] pll.v3: TeamModel fitted: ['assists', 'gb', 'goals', 'shots', 'sog', 'turnovers']
15:55:32 [INFO] pll.v3: Built team ratings: 286 rows x 219 cols
15:56:00 [INFO] pll.v3: Built player ratings: 5169 rows x 155 cols
15:56:00 [INFO] pll.v3: TeamModel quality model fitted on 286 rows
15:56:00 [INFO] pll.v3: TeamModel fitted: ['assists', 'gb', 'goals', 'shots', 'sog', 'turnovers']
15:56:01 [INFO] pll.v3: Built team ratings: 288 rows x 219 cols
15:56:30 [INFO] pll.v3: Built player ratings: 5205 rows x 155 cols
15:56:30 [INFO] pll.v3: TeamModel quality model fitted on 288 rows
15:56:30 [INFO] pll.v3: TeamModel fitted: ['assists', 'gb', 'goals', 'shots', 'sog', 'turnovers']
15:56:31 [INFO] pll.v3: Built team ratings: 290 rows x 219 cols
15:56:55 [INFO] pll.v3: Built player ratings: 5241 rows x 155 cols
15:56:56 [INFO] pll.v3: TeamModel quality model fitted on 290 rows
15:56:56 [INFO] pll.v3: TeamModel fitted: ['assists', 'gb', 'goals', 'shots', 'sog', 'turnovers']
15:56:57 [INFO] pll.v3: Built team ratings: 292 rows x 219 cols
15:57:21 [INFO] pll.v3: Built player ratings: 5277 rows x 155 cols
15:57:22 [INFO] pll.v3: TeamModel quality model fitted on 292 rows
15:57:22 [INFO] pll.v3: TeamModel fitted: ['assists', 'gb', 'goals', 'shots', 'sog', 'turnovers']
15:57:23 [INFO] pll.v3: Built team ratings: 294 rows x 219 cols
15:57:48 [INFO] pll.v3: Built player ratings: 5313 rows x 155 cols
15:57:48 [INFO] pll.v3: TeamModel quality model fitted on 294 rows
15:57:48 [INFO] pll.v3: TeamModel fitted: ['assists', 'gb', 'goals', 'shots', 'sog', 'turnovers']
15:57:49 [INFO] pll.v3: Built team ratings: 296 rows x 219 cols
15:58:13 [INFO] pll.v3: Built player ratings: 5349 rows x 155 cols
15:58:13 [INFO] pll.v3: TeamModel quality model fitted on 296 rows
15:58:13 [INFO] pll.v3: TeamModel fitted: ['assists', 'gb', 'goals', 'shots', 'sog', 'turnovers']
15:58:14 [INFO] pll.v3: Built team ratings: 298 rows x 219 cols
15:58:39 [INFO] pll.v3: Built player ratings: 5385 rows x 155 cols
15:58:39 [INFO] pll.v3: TeamModel quality model fitted on 298 rows
15:58:39 [INFO] pll.v3: TeamModel fitted: ['assists', 'gb', 'goals', 'shots', 'sog', 'turnovers']
15:58:40 [INFO] pll.v3: Built team ratings: 300 rows x 219 cols
15:59:08 [INFO] pll.v3: Built player ratings: 5422 rows x 155 cols
15:59:09 [INFO] pll.v3: TeamModel quality model fitted on 300 rows
15:59:09 [INFO] pll.v3: TeamModel fitted: ['assists', 'gb', 'goals', 'shots', 'sog', 'turnovers']
15:59:09 [INFO] pll.v3: Built team ratings: 302 rows x 219 cols
15:59:32 [INFO] pll.v3: Built player ratings: 5459 rows x 155 cols
15:59:32 [INFO] pll.v3: TeamModel quality model fitted on 302 rows
15:59:32 [INFO] pll.v3: TeamModel fitted: ['assists', 'gb', 'goals', 'shots', 'sog', 'turnovers']
15:59:33 [INFO] pll.v3: Built team ratings: 304 rows x 219 cols
15:59:57 [INFO] pll.v3: Built player ratings: 5496 rows x 155 cols
15:59:58 [INFO] pll.v3: TeamModel quality model fitted on 304 rows
15:59:58 [INFO] pll.v3: TeamModel fitted: ['assists', 'gb', 'goals', 'shots', 'sog', 'turnovers']
15:59:59 [INFO] pll.v3: Built team ratings: 306 rows x 219 cols
16:00:24 [INFO] pll.v3: Built player ratings: 5532 rows x 155 cols
16:00:25 [INFO] pll.v3: TeamModel quality model fitted on 306 rows
16:00:25 [INFO] pll.v3: TeamModel fitted: ['assists', 'gb', 'goals', 'shots', 'sog', 'turnovers']
16:00:25 [INFO] pll.v3: Built team ratings: 308 rows x 219 cols
16:00:50 [INFO] pll.v3: Built player ratings: 5569 rows x 155 cols
16:00:50 [INFO] pll.v3: TeamModel quality model fitted on 308 rows
16:00:50 [INFO] pll.v3: TeamModel fitted: ['assists', 'gb', 'goals', 'shots', 'sog', 'turnovers']
16:00:50 [INFO] pll.v3: Built team ratings: 310 rows x 219 cols
16:01:15 [INFO] pll.v3: Built player ratings: 5605 rows x 155 cols
16:01:15 [INFO] pll.v3: TeamModel quality model fitted on 310 rows
16:01:15 [INFO] pll.v3: TeamModel fitted: ['assists', 'gb', 'goals', 'shots', 'sog', 'turnovers']
16:01:16 [INFO] pll.v3: Built team ratings: 312 rows x 219 cols
16:01:42 [INFO] pll.v3: Built player ratings: 5642 rows x 155 cols
16:01:43 [INFO] pll.v3: TeamModel quality model fitted on 312 rows
16:01:43 [INFO] pll.v3: TeamModel fitted: ['assists', 'gb', 'goals', 'shots', 'sog', 'turnovers']
16:01:44 [INFO] pll.v3: Built team ratings: 314 rows x 219 cols
16:02:08 [INFO] pll.v3: Built player ratings: 5678 rows x 155 cols
16:02:08 [INFO] pll.v3: TeamModel quality model fitted on 314 rows
16:02:08 [INFO] pll.v3: TeamModel fitted: ['assists', 'gb', 'goals', 'shots', 'sog', 'turnovers']
16:02:09 [INFO] pll.v3: Built team ratings: 316 rows x 219 cols
16:02:32 [INFO] pll.v3: Built player ratings: 5714 rows x 155 cols
16:02:32 [INFO] pll.v3: TeamModel quality model fitted on 316 rows
16:02:32 [INFO] pll.v3: TeamModel fitted: ['assists', 'gb', 'goals', 'shots', 'sog', 'turnovers']
16:02:33 [INFO] pll.v3: Built team ratings: 318 rows x 219 cols
16:02:58 [INFO] pll.v3: Built player ratings: 5750 rows x 155 cols
16:02:58 [INFO] pll.v3: TeamModel quality model fitted on 318 rows
16:02:58 [INFO] pll.v3: TeamModel fitted: ['assists', 'gb', 'goals', 'shots', 'sog', 'turnovers']

== PLAYER (TEST 2025) ==
  no rows

============================================================
DONE  tag=STEP-B-touches
============================================================
