============================================================
FAST BACKTEST  sims=4000  tag=STEP-A-goal-anchor
============================================================
14:38:17 [INFO] pll.v3: DataLoader: C:\Users\a.payzant\OneDrive - DK Crown Holdings Inc\Desktop\PLL_App_Deploy\data\analytics_database\pll_warehouse.duckdb
14:38:17 [INFO] pll.v3: Loading warehouse data...
14:38:17 [INFO] pll.v3: Loaded 352 team-game rows
14:38:17 [INFO] pll.v3: Loaded 6350 player-game rows
14:38:17 [INFO] pll.v3: Loaded 32 schedule rows
14:38:17 [INFO] pll.v3: Loaded 40 team-defense rows
14:38:17 [INFO] pll.v3: Loaded: 352 team-game rows | 6350 player-game rows | 32 upcoming games
14:38:17 [INFO] pll.v3: Current roster cache: {'available': True, 'source': 'current_rosters_csv', 'path': 'C:\\Users\\a.payzant\\OneDrive - DK Crown Holdings Inc\\Desktop\\PLL_App_Deploy\\data\\reference_tables\\current_rosters.csv', 'rows': 221, 'reason': 'loaded'}
14:38:18 [INFO] pll.v3: Built team ratings: 240 rows x 219 cols
14:38:19 [INFO] pll.v3: TeamModel quality model fitted on 240 rows
14:38:19 [INFO] pll.v3: TeamModel fitted: ['assists', 'gb', 'goals', 'shots', 'sog', 'turnovers']
14:38:19 [INFO] pll.v3: Built team ratings: 240 rows x 219 cols
14:38:47 [INFO] pll.v3: Built player ratings: 4343 rows x 151 cols
14:38:47 [INFO] pll.v3: TeamModel quality model fitted on 240 rows
14:38:47 [INFO] pll.v3: TeamModel fitted: ['assists', 'gb', 'goals', 'shots', 'sog', 'turnovers']
14:38:48 [INFO] pll.v3: Built team ratings: 242 rows x 219 cols
14:39:09 [INFO] pll.v3: Built player ratings: 4378 rows x 151 cols
14:39:10 [INFO] pll.v3: TeamModel quality model fitted on 242 rows
14:39:10 [INFO] pll.v3: TeamModel fitted: ['assists', 'gb', 'goals', 'shots', 'sog', 'turnovers']
14:39:11 [INFO] pll.v3: Built team ratings: 244 rows x 219 cols
14:39:32 [INFO] pll.v3: Built player ratings: 4413 rows x 151 cols
14:39:32 [INFO] pll.v3: TeamModel quality model fitted on 244 rows
14:39:32 [INFO] pll.v3: TeamModel fitted: ['assists', 'gb', 'goals', 'shots', 'sog', 'turnovers']
14:39:33 [INFO] pll.v3: Built team ratings: 246 rows x 219 cols
14:39:57 [INFO] pll.v3: Built player ratings: 4448 rows x 151 cols
14:39:58 [INFO] pll.v3: TeamModel quality model fitted on 246 rows
14:39:58 [INFO] pll.v3: TeamModel fitted: ['assists', 'gb', 'goals', 'shots', 'sog', 'turnovers']
14:39:58 [INFO] pll.v3: Built team ratings: 248 rows x 219 cols
14:40:24 [INFO] pll.v3: Built player ratings: 4485 rows x 151 cols
14:40:24 [INFO] pll.v3: TeamModel quality model fitted on 248 rows
14:40:24 [INFO] pll.v3: TeamModel fitted: ['assists', 'gb', 'goals', 'shots', 'sog', 'turnovers']
14:40:25 [INFO] pll.v3: Built team ratings: 250 rows x 219 cols
14:40:53 [INFO] pll.v3: Built player ratings: 4521 rows x 151 cols
14:40:53 [INFO] pll.v3: TeamModel quality model fitted on 250 rows
14:40:53 [INFO] pll.v3: TeamModel fitted: ['assists', 'gb', 'goals', 'shots', 'sog', 'turnovers']
14:40:55 [INFO] pll.v3: Built team ratings: 252 rows x 219 cols
14:41:33 [INFO] pll.v3: Built player ratings: 4556 rows x 151 cols
14:41:34 [INFO] pll.v3: TeamModel quality model fitted on 252 rows
14:41:34 [INFO] pll.v3: TeamModel fitted: ['assists', 'gb', 'goals', 'shots', 'sog', 'turnovers']
14:41:35 [INFO] pll.v3: Built team ratings: 254 rows x 219 cols
14:42:11 [INFO] pll.v3: Built player ratings: 4591 rows x 151 cols
14:42:12 [INFO] pll.v3: TeamModel quality model fitted on 254 rows
14:42:12 [INFO] pll.v3: TeamModel fitted: ['assists', 'gb', 'goals', 'shots', 'sog', 'turnovers']
14:42:13 [INFO] pll.v3: Built team ratings: 256 rows x 219 cols
14:42:50 [INFO] pll.v3: Built player ratings: 4627 rows x 151 cols
14:42:51 [INFO] pll.v3: TeamModel quality model fitted on 256 rows
14:42:51 [INFO] pll.v3: TeamModel fitted: ['assists', 'gb', 'goals', 'shots', 'sog', 'turnovers']
14:42:52 [INFO] pll.v3: Built team ratings: 258 rows x 219 cols
14:43:32 [INFO] pll.v3: Built player ratings: 4663 rows x 151 cols
14:43:32 [INFO] pll.v3: TeamModel quality model fitted on 258 rows
14:43:32 [INFO] pll.v3: TeamModel fitted: ['assists', 'gb', 'goals', 'shots', 'sog', 'turnovers']
14:43:34 [INFO] pll.v3: Built team ratings: 260 rows x 219 cols
14:44:09 [INFO] pll.v3: Built player ratings: 4699 rows x 151 cols
14:44:10 [INFO] pll.v3: TeamModel quality model fitted on 260 rows
14:44:10 [INFO] pll.v3: TeamModel fitted: ['assists', 'gb', 'goals', 'shots', 'sog', 'turnovers']
14:44:12 [INFO] pll.v3: Built team ratings: 262 rows x 219 cols
14:44:42 [INFO] pll.v3: Built player ratings: 4735 rows x 151 cols
14:44:42 [INFO] pll.v3: TeamModel quality model fitted on 262 rows
14:44:42 [INFO] pll.v3: TeamModel fitted: ['assists', 'gb', 'goals', 'shots', 'sog', 'turnovers']
14:44:43 [INFO] pll.v3: Built team ratings: 264 rows x 219 cols
14:45:14 [INFO] pll.v3: Built player ratings: 4771 rows x 151 cols
14:45:14 [INFO] pll.v3: TeamModel quality model fitted on 264 rows
14:45:14 [INFO] pll.v3: TeamModel fitted: ['assists', 'gb', 'goals', 'shots', 'sog', 'turnovers']
14:45:15 [INFO] pll.v3: Built team ratings: 266 rows x 219 cols
14:45:39 [INFO] pll.v3: Built player ratings: 4807 rows x 151 cols
14:45:39 [INFO] pll.v3: TeamModel quality model fitted on 266 rows
14:45:39 [INFO] pll.v3: TeamModel fitted: ['assists', 'gb', 'goals', 'shots', 'sog', 'turnovers']
14:45:41 [INFO] pll.v3: Built team ratings: 268 rows x 219 cols
14:46:04 [INFO] pll.v3: Built player ratings: 4843 rows x 151 cols
14:46:04 [INFO] pll.v3: TeamModel quality model fitted on 268 rows
14:46:04 [INFO] pll.v3: TeamModel fitted: ['assists', 'gb', 'goals', 'shots', 'sog', 'turnovers']
14:46:05 [INFO] pll.v3: Built team ratings: 270 rows x 219 cols
14:46:23 [INFO] pll.v3: Built player ratings: 4879 rows x 151 cols
14:46:23 [INFO] pll.v3: TeamModel quality model fitted on 270 rows
14:46:23 [INFO] pll.v3: TeamModel fitted: ['assists', 'gb', 'goals', 'shots', 'sog', 'turnovers']
14:46:24 [INFO] pll.v3: Built team ratings: 272 rows x 219 cols
14:46:39 [INFO] pll.v3: Built player ratings: 4917 rows x 151 cols
14:46:39 [INFO] pll.v3: TeamModel quality model fitted on 272 rows
14:46:39 [INFO] pll.v3: TeamModel fitted: ['assists', 'gb', 'goals', 'shots', 'sog', 'turnovers']
14:46:40 [INFO] pll.v3: Built team ratings: 274 rows x 219 cols
14:46:56 [INFO] pll.v3: Built player ratings: 4953 rows x 151 cols
14:46:56 [INFO] pll.v3: TeamModel quality model fitted on 274 rows
14:46:56 [INFO] pll.v3: TeamModel fitted: ['assists', 'gb', 'goals', 'shots', 'sog', 'turnovers']
14:46:57 [INFO] pll.v3: Built team ratings: 276 rows x 219 cols
14:47:16 [INFO] pll.v3: Built player ratings: 4989 rows x 151 cols
14:47:16 [INFO] pll.v3: TeamModel quality model fitted on 276 rows
14:47:16 [INFO] pll.v3: TeamModel fitted: ['assists', 'gb', 'goals', 'shots', 'sog', 'turnovers']
14:47:17 [INFO] pll.v3: Built team ratings: 278 rows x 219 cols
14:47:36 [INFO] pll.v3: Built player ratings: 5025 rows x 151 cols
14:47:36 [INFO] pll.v3: TeamModel quality model fitted on 278 rows
14:47:36 [INFO] pll.v3: TeamModel fitted: ['assists', 'gb', 'goals', 'shots', 'sog', 'turnovers']
14:47:37 [INFO] pll.v3: Built team ratings: 280 rows x 219 cols
14:47:57 [INFO] pll.v3: Built player ratings: 5061 rows x 151 cols
14:47:58 [INFO] pll.v3: TeamModel quality model fitted on 280 rows
14:47:58 [INFO] pll.v3: TeamModel fitted: ['assists', 'gb', 'goals', 'shots', 'sog', 'turnovers']
14:47:59 [INFO] pll.v3: Built team ratings: 282 rows x 219 cols
14:48:22 [INFO] pll.v3: Built player ratings: 5097 rows x 151 cols
14:48:22 [INFO] pll.v3: TeamModel quality model fitted on 282 rows
14:48:22 [INFO] pll.v3: TeamModel fitted: ['assists', 'gb', 'goals', 'shots', 'sog', 'turnovers']
14:48:23 [INFO] pll.v3: Built team ratings: 284 rows x 219 cols
14:48:49 [INFO] pll.v3: Built player ratings: 5133 rows x 151 cols
14:48:49 [INFO] pll.v3: TeamModel quality model fitted on 284 rows
14:48:49 [INFO] pll.v3: TeamModel fitted: ['assists', 'gb', 'goals', 'shots', 'sog', 'turnovers']
14:48:50 [INFO] pll.v3: Built team ratings: 286 rows x 219 cols
14:49:10 [INFO] pll.v3: Built player ratings: 5169 rows x 151 cols
14:49:10 [INFO] pll.v3: TeamModel quality model fitted on 286 rows
14:49:10 [INFO] pll.v3: TeamModel fitted: ['assists', 'gb', 'goals', 'shots', 'sog', 'turnovers']
14:49:11 [INFO] pll.v3: Built team ratings: 288 rows x 219 cols
14:49:26 [INFO] pll.v3: Built player ratings: 5205 rows x 151 cols
14:49:26 [INFO] pll.v3: TeamModel quality model fitted on 288 rows
14:49:26 [INFO] pll.v3: TeamModel fitted: ['assists', 'gb', 'goals', 'shots', 'sog', 'turnovers']
14:49:27 [INFO] pll.v3: Built team ratings: 290 rows x 219 cols
14:49:44 [INFO] pll.v3: Built player ratings: 5241 rows x 151 cols
14:49:44 [INFO] pll.v3: TeamModel quality model fitted on 290 rows
14:49:44 [INFO] pll.v3: TeamModel fitted: ['assists', 'gb', 'goals', 'shots', 'sog', 'turnovers']
14:49:45 [INFO] pll.v3: Built team ratings: 292 rows x 219 cols
14:50:04 [INFO] pll.v3: Built player ratings: 5277 rows x 151 cols
14:50:04 [INFO] pll.v3: TeamModel quality model fitted on 292 rows
14:50:04 [INFO] pll.v3: TeamModel fitted: ['assists', 'gb', 'goals', 'shots', 'sog', 'turnovers']
14:50:05 [INFO] pll.v3: Built team ratings: 294 rows x 219 cols
14:50:22 [INFO] pll.v3: Built player ratings: 5313 rows x 151 cols
14:50:22 [INFO] pll.v3: TeamModel quality model fitted on 294 rows
14:50:22 [INFO] pll.v3: TeamModel fitted: ['assists', 'gb', 'goals', 'shots', 'sog', 'turnovers']
14:50:23 [INFO] pll.v3: Built team ratings: 296 rows x 219 cols
14:50:40 [INFO] pll.v3: Built player ratings: 5349 rows x 151 cols
14:50:40 [INFO] pll.v3: TeamModel quality model fitted on 296 rows
14:50:40 [INFO] pll.v3: TeamModel fitted: ['assists', 'gb', 'goals', 'shots', 'sog', 'turnovers']
14:50:40 [INFO] pll.v3: Built team ratings: 298 rows x 219 cols
14:50:57 [INFO] pll.v3: Built player ratings: 5385 rows x 151 cols
14:50:58 [INFO] pll.v3: TeamModel quality model fitted on 298 rows
14:50:58 [INFO] pll.v3: TeamModel fitted: ['assists', 'gb', 'goals', 'shots', 'sog', 'turnovers']
14:50:58 [INFO] pll.v3: Built team ratings: 300 rows x 219 cols
14:51:16 [INFO] pll.v3: Built player ratings: 5422 rows x 151 cols
14:51:16 [INFO] pll.v3: TeamModel quality model fitted on 300 rows
14:51:16 [INFO] pll.v3: TeamModel fitted: ['assists', 'gb', 'goals', 'shots', 'sog', 'turnovers']
14:51:17 [INFO] pll.v3: Built team ratings: 302 rows x 219 cols
14:51:34 [INFO] pll.v3: Built player ratings: 5459 rows x 151 cols
14:51:35 [INFO] pll.v3: TeamModel quality model fitted on 302 rows
14:51:35 [INFO] pll.v3: TeamModel fitted: ['assists', 'gb', 'goals', 'shots', 'sog', 'turnovers']
14:51:35 [INFO] pll.v3: Built team ratings: 304 rows x 219 cols
14:51:53 [INFO] pll.v3: Built player ratings: 5496 rows x 151 cols
14:51:53 [INFO] pll.v3: TeamModel quality model fitted on 304 rows
14:51:53 [INFO] pll.v3: TeamModel fitted: ['assists', 'gb', 'goals', 'shots', 'sog', 'turnovers']
14:51:54 [INFO] pll.v3: Built team ratings: 306 rows x 219 cols
14:52:10 [INFO] pll.v3: Built player ratings: 5532 rows x 151 cols
14:52:10 [INFO] pll.v3: TeamModel quality model fitted on 306 rows
14:52:10 [INFO] pll.v3: TeamModel fitted: ['assists', 'gb', 'goals', 'shots', 'sog', 'turnovers']
14:52:11 [INFO] pll.v3: Built team ratings: 308 rows x 219 cols
14:52:29 [INFO] pll.v3: Built player ratings: 5569 rows x 151 cols
14:52:30 [INFO] pll.v3: TeamModel quality model fitted on 308 rows
14:52:30 [INFO] pll.v3: TeamModel fitted: ['assists', 'gb', 'goals', 'shots', 'sog', 'turnovers']
14:52:30 [INFO] pll.v3: Built team ratings: 310 rows x 219 cols
14:52:48 [INFO] pll.v3: Built player ratings: 5605 rows x 151 cols
14:52:48 [INFO] pll.v3: TeamModel quality model fitted on 310 rows
14:52:48 [INFO] pll.v3: TeamModel fitted: ['assists', 'gb', 'goals', 'shots', 'sog', 'turnovers']
14:52:49 [INFO] pll.v3: Built team ratings: 312 rows x 219 cols
14:53:07 [INFO] pll.v3: Built player ratings: 5642 rows x 151 cols
14:53:08 [INFO] pll.v3: TeamModel quality model fitted on 312 rows
14:53:08 [INFO] pll.v3: TeamModel fitted: ['assists', 'gb', 'goals', 'shots', 'sog', 'turnovers']
14:53:08 [INFO] pll.v3: Built team ratings: 314 rows x 219 cols
14:53:27 [INFO] pll.v3: Built player ratings: 5678 rows x 151 cols
14:53:27 [INFO] pll.v3: TeamModel quality model fitted on 314 rows
14:53:27 [INFO] pll.v3: TeamModel fitted: ['assists', 'gb', 'goals', 'shots', 'sog', 'turnovers']
14:53:28 [INFO] pll.v3: Built team ratings: 316 rows x 219 cols
14:53:52 [INFO] pll.v3: Built player ratings: 5714 rows x 151 cols
14:53:52 [INFO] pll.v3: TeamModel quality model fitted on 316 rows
14:53:52 [INFO] pll.v3: TeamModel fitted: ['assists', 'gb', 'goals', 'shots', 'sog', 'turnovers']
14:53:53 [INFO] pll.v3: Built team ratings: 318 rows x 219 cols
14:54:13 [INFO] pll.v3: Built player ratings: 5750 rows x 151 cols
14:54:13 [INFO] pll.v3: TeamModel quality model fitted on 318 rows
14:54:13 [INFO] pll.v3: TeamModel fitted: ['assists', 'gb', 'goals', 'shots', 'sog', 'turnovers']

== PLAYER (TEST 2025) ==
  assists : MAE=0.676  bias=+0.043  corr=0.439  avg_pred=0.69  avg_act=0.65
  fo_pct  : MAE=0.120  bias=-0.005  corr=0.421  avg_pred=0.53  avg_act=0.53
  fo_wins : MAE=3.239  bias=-0.281  corr=0.377  avg_pred=12.67  avg_act=12.95
  goals   : MAE=0.997  bias=+0.078  corr=0.146  avg_pred=1.34  avg_act=1.27
  save_pct: MAE=0.085  bias=+0.007  corr=0.185  avg_pred=0.55  avg_act=0.54
  saves   : MAE=3.315  bias=-0.563  corr=0.186  avg_pred=12.46  avg_act=13.03
  sf_implied: MAE=4.095  bias=-1.289  corr=0.393  avg_pred=22.75  avg_act=24.04
  shots   : MAE=2.009  bias=+0.193  corr=0.306  avg_pred=4.77  avg_act=4.58

============================================================
DONE  tag=STEP-A-goal-anchor
============================================================
