============================================================
FAST BACKTEST  sims=2500  tag=STEP-B-touches-v2
============================================================
17:04:38 [INFO] pll.v3: DataLoader: C:\Users\a.payzant\OneDrive - DK Crown Holdings Inc\Desktop\PLL_App_Deploy\data\analytics_database\pll_warehouse.duckdb
17:04:38 [INFO] pll.v3: Loading warehouse data...
17:04:38 [INFO] pll.v3: Loaded 352 team-game rows
17:04:38 [INFO] pll.v3: Loaded 6350 player-game rows
17:04:38 [INFO] pll.v3: Loaded 32 schedule rows
17:04:38 [INFO] pll.v3: Loaded 40 team-defense rows
17:04:38 [INFO] pll.v3: Loaded: 352 team-game rows | 6350 player-game rows | 32 upcoming games
17:04:38 [INFO] pll.v3: Current roster cache: {'available': True, 'source': 'current_rosters_csv', 'path': 'C:\\Users\\a.payzant\\OneDrive - DK Crown Holdings Inc\\Desktop\\PLL_App_Deploy\\data\\reference_tables\\current_rosters.csv', 'rows': 221, 'reason': 'loaded'}
17:04:39 [INFO] pll.v3: Built team ratings: 240 rows x 219 cols
17:04:40 [INFO] pll.v3: TeamModel quality model fitted on 240 rows
17:04:40 [INFO] pll.v3: TeamModel fitted: ['assists', 'gb', 'goals', 'shots', 'sog', 'turnovers']
17:04:40 [INFO] pll.v3: Built team ratings: 240 rows x 219 cols
17:04:41 [INFO] pll.v3: TeamModel quality model fitted on 240 rows
17:04:41 [INFO] pll.v3: TeamModel fitted: ['assists', 'gb', 'goals', 'shots', 'sog', 'turnovers']
17:04:42 [INFO] pll.v3: Built team ratings: 242 rows x 219 cols
17:04:42 [INFO] pll.v3: TeamModel quality model fitted on 242 rows
17:04:42 [INFO] pll.v3: TeamModel fitted: ['assists', 'gb', 'goals', 'shots', 'sog', 'turnovers']
17:04:43 [INFO] pll.v3: Built team ratings: 244 rows x 219 cols
17:04:43 [INFO] pll.v3: TeamModel quality model fitted on 244 rows
17:04:43 [INFO] pll.v3: TeamModel fitted: ['assists', 'gb', 'goals', 'shots', 'sog', 'turnovers']
17:04:44 [INFO] pll.v3: Built team ratings: 246 rows x 219 cols
17:04:44 [INFO] pll.v3: TeamModel quality model fitted on 246 rows
17:04:44 [INFO] pll.v3: TeamModel fitted: ['assists', 'gb', 'goals', 'shots', 'sog', 'turnovers']
17:04:45 [INFO] pll.v3: Built team ratings: 248 rows x 219 cols
17:04:45 [INFO] pll.v3: TeamModel quality model fitted on 248 rows
17:04:45 [INFO] pll.v3: TeamModel fitted: ['assists', 'gb', 'goals', 'shots', 'sog', 'turnovers']
17:04:46 [INFO] pll.v3: Built team ratings: 250 rows x 219 cols
17:04:47 [INFO] pll.v3: TeamModel quality model fitted on 250 rows
17:04:47 [INFO] pll.v3: TeamModel fitted: ['assists', 'gb', 'goals', 'shots', 'sog', 'turnovers']
17:04:47 [INFO] pll.v3: Built team ratings: 252 rows x 219 cols
17:04:48 [INFO] pll.v3: TeamModel quality model fitted on 252 rows
17:04:48 [INFO] pll.v3: TeamModel fitted: ['assists', 'gb', 'goals', 'shots', 'sog', 'turnovers']
17:04:49 [INFO] pll.v3: Built team ratings: 254 rows x 219 cols
17:04:49 [INFO] pll.v3: TeamModel quality model fitted on 254 rows
17:04:49 [INFO] pll.v3: TeamModel fitted: ['assists', 'gb', 'goals', 'shots', 'sog', 'turnovers']
17:04:50 [INFO] pll.v3: Built team ratings: 256 rows x 219 cols
17:04:50 [INFO] pll.v3: TeamModel quality model fitted on 256 rows
17:04:50 [INFO] pll.v3: TeamModel fitted: ['assists', 'gb', 'goals', 'shots', 'sog', 'turnovers']
17:04:51 [INFO] pll.v3: Built team ratings: 258 rows x 219 cols
17:04:51 [INFO] pll.v3: TeamModel quality model fitted on 258 rows
17:04:51 [INFO] pll.v3: TeamModel fitted: ['assists', 'gb', 'goals', 'shots', 'sog', 'turnovers']
17:04:52 [INFO] pll.v3: Built team ratings: 260 rows x 219 cols
17:04:52 [INFO] pll.v3: TeamModel quality model fitted on 260 rows
17:04:52 [INFO] pll.v3: TeamModel fitted: ['assists', 'gb', 'goals', 'shots', 'sog', 'turnovers']
17:04:53 [INFO] pll.v3: Built team ratings: 262 rows x 219 cols
17:04:53 [INFO] pll.v3: TeamModel quality model fitted on 262 rows
17:04:53 [INFO] pll.v3: TeamModel fitted: ['assists', 'gb', 'goals', 'shots', 'sog', 'turnovers']
17:04:54 [INFO] pll.v3: Built team ratings: 264 rows x 219 cols
17:04:54 [INFO] pll.v3: TeamModel quality model fitted on 264 rows
17:04:54 [INFO] pll.v3: TeamModel fitted: ['assists', 'gb', 'goals', 'shots', 'sog', 'turnovers']
17:04:55 [INFO] pll.v3: Built team ratings: 266 rows x 219 cols
17:04:55 [INFO] pll.v3: TeamModel quality model fitted on 266 rows
17:04:55 [INFO] pll.v3: TeamModel fitted: ['assists', 'gb', 'goals', 'shots', 'sog', 'turnovers']
17:04:56 [INFO] pll.v3: Built team ratings: 268 rows x 219 cols
17:04:56 [INFO] pll.v3: TeamModel quality model fitted on 268 rows
17:04:56 [INFO] pll.v3: TeamModel fitted: ['assists', 'gb', 'goals', 'shots', 'sog', 'turnovers']
17:04:57 [INFO] pll.v3: Built team ratings: 270 rows x 219 cols
17:04:57 [INFO] pll.v3: TeamModel quality model fitted on 270 rows
17:04:57 [INFO] pll.v3: TeamModel fitted: ['assists', 'gb', 'goals', 'shots', 'sog', 'turnovers']
17:04:58 [INFO] pll.v3: Built team ratings: 272 rows x 219 cols
17:04:58 [INFO] pll.v3: TeamModel quality model fitted on 272 rows
17:04:58 [INFO] pll.v3: TeamModel fitted: ['assists', 'gb', 'goals', 'shots', 'sog', 'turnovers']
17:04:59 [INFO] pll.v3: Built team ratings: 274 rows x 219 cols
17:04:59 [INFO] pll.v3: TeamModel quality model fitted on 274 rows
17:04:59 [INFO] pll.v3: TeamModel fitted: ['assists', 'gb', 'goals', 'shots', 'sog', 'turnovers']
17:04:59 [INFO] pll.v3: Built team ratings: 276 rows x 219 cols
17:05:00 [INFO] pll.v3: TeamModel quality model fitted on 276 rows
17:05:00 [INFO] pll.v3: TeamModel fitted: ['assists', 'gb', 'goals', 'shots', 'sog', 'turnovers']
17:05:00 [INFO] pll.v3: Built team ratings: 278 rows x 219 cols
17:05:01 [INFO] pll.v3: TeamModel quality model fitted on 278 rows
17:05:01 [INFO] pll.v3: TeamModel fitted: ['assists', 'gb', 'goals', 'shots', 'sog', 'turnovers']
17:05:01 [INFO] pll.v3: Built team ratings: 280 rows x 219 cols
17:05:02 [INFO] pll.v3: TeamModel quality model fitted on 280 rows
17:05:02 [INFO] pll.v3: TeamModel fitted: ['assists', 'gb', 'goals', 'shots', 'sog', 'turnovers']
17:05:02 [INFO] pll.v3: Built team ratings: 282 rows x 219 cols
17:05:03 [INFO] pll.v3: TeamModel quality model fitted on 282 rows
17:05:03 [INFO] pll.v3: TeamModel fitted: ['assists', 'gb', 'goals', 'shots', 'sog', 'turnovers']
17:05:03 [INFO] pll.v3: Built team ratings: 284 rows x 219 cols
17:05:04 [INFO] pll.v3: TeamModel quality model fitted on 284 rows
17:05:04 [INFO] pll.v3: TeamModel fitted: ['assists', 'gb', 'goals', 'shots', 'sog', 'turnovers']
17:05:04 [INFO] pll.v3: Built team ratings: 286 rows x 219 cols
17:05:04 [INFO] pll.v3: TeamModel quality model fitted on 286 rows
17:05:04 [INFO] pll.v3: TeamModel fitted: ['assists', 'gb', 'goals', 'shots', 'sog', 'turnovers']
17:05:05 [INFO] pll.v3: Built team ratings: 288 rows x 219 cols
17:05:05 [INFO] pll.v3: TeamModel quality model fitted on 288 rows
17:05:05 [INFO] pll.v3: TeamModel fitted: ['assists', 'gb', 'goals', 'shots', 'sog', 'turnovers']
17:05:06 [INFO] pll.v3: Built team ratings: 290 rows x 219 cols
17:05:06 [INFO] pll.v3: TeamModel quality model fitted on 290 rows
17:05:06 [INFO] pll.v3: TeamModel fitted: ['assists', 'gb', 'goals', 'shots', 'sog', 'turnovers']
17:05:06 [INFO] pll.v3: Built team ratings: 292 rows x 219 cols
17:05:07 [INFO] pll.v3: TeamModel quality model fitted on 292 rows
17:05:07 [INFO] pll.v3: TeamModel fitted: ['assists', 'gb', 'goals', 'shots', 'sog', 'turnovers']
17:05:07 [INFO] pll.v3: Built team ratings: 294 rows x 219 cols
17:05:08 [INFO] pll.v3: TeamModel quality model fitted on 294 rows
17:05:08 [INFO] pll.v3: TeamModel fitted: ['assists', 'gb', 'goals', 'shots', 'sog', 'turnovers']
17:05:08 [INFO] pll.v3: Built team ratings: 296 rows x 219 cols
17:05:09 [INFO] pll.v3: TeamModel quality model fitted on 296 rows
17:05:09 [INFO] pll.v3: TeamModel fitted: ['assists', 'gb', 'goals', 'shots', 'sog', 'turnovers']
17:05:09 [INFO] pll.v3: Built team ratings: 298 rows x 219 cols
17:05:10 [INFO] pll.v3: TeamModel quality model fitted on 298 rows
17:05:10 [INFO] pll.v3: TeamModel fitted: ['assists', 'gb', 'goals', 'shots', 'sog', 'turnovers']
17:05:10 [INFO] pll.v3: Built team ratings: 300 rows x 219 cols
17:05:11 [INFO] pll.v3: TeamModel quality model fitted on 300 rows
17:05:11 [INFO] pll.v3: TeamModel fitted: ['assists', 'gb', 'goals', 'shots', 'sog', 'turnovers']
17:05:11 [INFO] pll.v3: Built team ratings: 302 rows x 219 cols
17:05:12 [INFO] pll.v3: TeamModel quality model fitted on 302 rows
17:05:12 [INFO] pll.v3: TeamModel fitted: ['assists', 'gb', 'goals', 'shots', 'sog', 'turnovers']
17:05:12 [INFO] pll.v3: Built team ratings: 304 rows x 219 cols
17:05:12 [INFO] pll.v3: TeamModel quality model fitted on 304 rows
17:05:12 [INFO] pll.v3: TeamModel fitted: ['assists', 'gb', 'goals', 'shots', 'sog', 'turnovers']
17:05:13 [INFO] pll.v3: Built team ratings: 306 rows x 219 cols
17:05:13 [INFO] pll.v3: TeamModel quality model fitted on 306 rows
17:05:13 [INFO] pll.v3: TeamModel fitted: ['assists', 'gb', 'goals', 'shots', 'sog', 'turnovers']
17:05:14 [INFO] pll.v3: Built team ratings: 308 rows x 219 cols
17:05:14 [INFO] pll.v3: TeamModel quality model fitted on 308 rows
17:05:14 [INFO] pll.v3: TeamModel fitted: ['assists', 'gb', 'goals', 'shots', 'sog', 'turnovers']
17:05:15 [INFO] pll.v3: Built team ratings: 310 rows x 219 cols
17:05:15 [INFO] pll.v3: TeamModel quality model fitted on 310 rows
17:05:15 [INFO] pll.v3: TeamModel fitted: ['assists', 'gb', 'goals', 'shots', 'sog', 'turnovers']
17:05:16 [INFO] pll.v3: Built team ratings: 312 rows x 219 cols
17:05:16 [INFO] pll.v3: TeamModel quality model fitted on 312 rows
17:05:16 [INFO] pll.v3: TeamModel fitted: ['assists', 'gb', 'goals', 'shots', 'sog', 'turnovers']
17:05:17 [INFO] pll.v3: Built team ratings: 314 rows x 219 cols
17:05:17 [INFO] pll.v3: TeamModel quality model fitted on 314 rows
17:05:17 [INFO] pll.v3: TeamModel fitted: ['assists', 'gb', 'goals', 'shots', 'sog', 'turnovers']
17:05:18 [INFO] pll.v3: Built team ratings: 316 rows x 219 cols
17:05:18 [INFO] pll.v3: TeamModel quality model fitted on 316 rows
17:05:18 [INFO] pll.v3: TeamModel fitted: ['assists', 'gb', 'goals', 'shots', 'sog', 'turnovers']
17:05:19 [INFO] pll.v3: Built team ratings: 318 rows x 219 cols
17:05:19 [INFO] pll.v3: TeamModel quality model fitted on 318 rows
17:05:19 [INFO] pll.v3: TeamModel fitted: ['assists', 'gb', 'goals', 'shots', 'sog', 'turnovers']
17:05:20 [INFO] pll.v3: Built team ratings: 320 rows x 219 cols
17:05:20 [INFO] pll.v3: TeamModel quality model fitted on 320 rows
17:05:20 [INFO] pll.v3: TeamModel fitted: ['assists', 'gb', 'goals', 'shots', 'sog', 'turnovers']
17:05:21 [INFO] pll.v3: Built team ratings: 322 rows x 219 cols
17:05:21 [INFO] pll.v3: TeamModel quality model fitted on 322 rows
17:05:21 [INFO] pll.v3: TeamModel fitted: ['assists', 'gb', 'goals', 'shots', 'sog', 'turnovers']
17:05:22 [INFO] pll.v3: Built team ratings: 324 rows x 219 cols
17:05:22 [INFO] pll.v3: TeamModel quality model fitted on 324 rows
17:05:22 [INFO] pll.v3: TeamModel fitted: ['assists', 'gb', 'goals', 'shots', 'sog', 'turnovers']
17:05:23 [INFO] pll.v3: Built team ratings: 326 rows x 219 cols
17:05:23 [INFO] pll.v3: TeamModel quality model fitted on 326 rows
17:05:23 [INFO] pll.v3: TeamModel fitted: ['assists', 'gb', 'goals', 'shots', 'sog', 'turnovers']
17:05:24 [INFO] pll.v3: Built team ratings: 328 rows x 219 cols
17:05:24 [INFO] pll.v3: TeamModel quality model fitted on 328 rows
17:05:24 [INFO] pll.v3: TeamModel fitted: ['assists', 'gb', 'goals', 'shots', 'sog', 'turnovers']
17:05:25 [INFO] pll.v3: Built team ratings: 330 rows x 219 cols
17:05:25 [INFO] pll.v3: TeamModel quality model fitted on 330 rows
17:05:25 [INFO] pll.v3: TeamModel fitted: ['assists', 'gb', 'goals', 'shots', 'sog', 'turnovers']
17:05:26 [INFO] pll.v3: Built team ratings: 332 rows x 219 cols
17:05:26 [INFO] pll.v3: TeamModel quality model fitted on 332 rows
17:05:26 [INFO] pll.v3: TeamModel fitted: ['assists', 'gb', 'goals', 'shots', 'sog', 'turnovers']
17:05:27 [INFO] pll.v3: Built team ratings: 334 rows x 219 cols
17:05:28 [INFO] pll.v3: TeamModel quality model fitted on 334 rows
17:05:28 [INFO] pll.v3: TeamModel fitted: ['assists', 'gb', 'goals', 'shots', 'sog', 'turnovers']
17:05:29 [INFO] pll.v3: Built team ratings: 336 rows x 219 cols
17:05:29 [INFO] pll.v3: TeamModel quality model fitted on 336 rows
17:05:29 [INFO] pll.v3: TeamModel fitted: ['assists', 'gb', 'goals', 'shots', 'sog', 'turnovers']
17:05:30 [INFO] pll.v3: Built team ratings: 338 rows x 219 cols
17:05:30 [INFO] pll.v3: TeamModel quality model fitted on 338 rows
17:05:30 [INFO] pll.v3: TeamModel fitted: ['assists', 'gb', 'goals', 'shots', 'sog', 'turnovers']
17:05:31 [INFO] pll.v3: Built team ratings: 340 rows x 219 cols
17:05:32 [INFO] pll.v3: TeamModel quality model fitted on 340 rows
17:05:32 [INFO] pll.v3: TeamModel fitted: ['assists', 'gb', 'goals', 'shots', 'sog', 'turnovers']
17:05:33 [INFO] pll.v3: Built team ratings: 342 rows x 219 cols
17:05:33 [INFO] pll.v3: TeamModel quality model fitted on 342 rows
17:05:33 [INFO] pll.v3: TeamModel fitted: ['assists', 'gb', 'goals', 'shots', 'sog', 'turnovers']
17:05:34 [INFO] pll.v3: Built team ratings: 344 rows x 219 cols
17:05:34 [INFO] pll.v3: TeamModel quality model fitted on 344 rows
17:05:34 [INFO] pll.v3: TeamModel fitted: ['assists', 'gb', 'goals', 'shots', 'sog', 'turnovers']
17:05:35 [INFO] pll.v3: Built team ratings: 346 rows x 219 cols
17:05:35 [INFO] pll.v3: TeamModel quality model fitted on 346 rows
17:05:35 [INFO] pll.v3: TeamModel fitted: ['assists', 'gb', 'goals', 'shots', 'sog', 'turnovers']
17:05:36 [INFO] pll.v3: Built team ratings: 348 rows x 219 cols
17:05:36 [INFO] pll.v3: TeamModel quality model fitted on 348 rows
17:05:36 [INFO] pll.v3: TeamModel fitted: ['assists', 'gb', 'goals', 'shots', 'sog', 'turnovers']
17:05:37 [INFO] pll.v3: Built team ratings: 350 rows x 219 cols
17:05:37 [INFO] pll.v3: TeamModel quality model fitted on 350 rows
17:05:37 [INFO] pll.v3: TeamModel fitted: ['assists', 'gb', 'goals', 'shots', 'sog', 'turnovers']

== TEAM ==
  2025: n= 40  totMAE=3.670  bias=-0.391  sideMAE=2.609  acc=45%  Brier=0.2577
        SOG: pred=25.81 act=26.34 bias=-0.53 MAE=3.79   SHOTS: pred=41.31 act=41.79 bias=-0.47
  2026: n= 16  totMAE=3.528  bias=+1.906  sideMAE=2.979  acc=44%  Brier=0.2620
        SOG: pred=26.00 act=25.50 bias=+0.50 MAE=3.82   SHOTS: pred=41.37 act=41.19 bias=+0.19
17:05:38 [INFO] pll.v3: Built team ratings: 240 rows x 219 cols
17:05:56 [INFO] pll.v3: Built player ratings: 4343 rows x 155 cols
17:05:57 [INFO] pll.v3: TeamModel quality model fitted on 240 rows
17:05:57 [INFO] pll.v3: TeamModel fitted: ['assists', 'gb', 'goals', 'shots', 'sog', 'turnovers']
17:05:58 [INFO] pll.v3: Built team ratings: 242 rows x 219 cols
17:06:15 [INFO] pll.v3: Built player ratings: 4378 rows x 155 cols
17:06:16 [INFO] pll.v3: TeamModel quality model fitted on 242 rows
17:06:16 [INFO] pll.v3: TeamModel fitted: ['assists', 'gb', 'goals', 'shots', 'sog', 'turnovers']
17:06:17 [INFO] pll.v3: Built team ratings: 244 rows x 219 cols
17:06:36 [INFO] pll.v3: Built player ratings: 4413 rows x 155 cols
17:06:36 [INFO] pll.v3: TeamModel quality model fitted on 244 rows
17:06:36 [INFO] pll.v3: TeamModel fitted: ['assists', 'gb', 'goals', 'shots', 'sog', 'turnovers']
17:06:37 [INFO] pll.v3: Built team ratings: 246 rows x 219 cols
17:06:55 [INFO] pll.v3: Built player ratings: 4448 rows x 155 cols
17:06:56 [INFO] pll.v3: TeamModel quality model fitted on 246 rows
17:06:56 [INFO] pll.v3: TeamModel fitted: ['assists', 'gb', 'goals', 'shots', 'sog', 'turnovers']
17:06:57 [INFO] pll.v3: Built team ratings: 248 rows x 219 cols
17:07:14 [INFO] pll.v3: Built player ratings: 4485 rows x 155 cols
17:07:15 [INFO] pll.v3: TeamModel quality model fitted on 248 rows
17:07:15 [INFO] pll.v3: TeamModel fitted: ['assists', 'gb', 'goals', 'shots', 'sog', 'turnovers']
17:07:15 [INFO] pll.v3: Built team ratings: 250 rows x 219 cols
17:07:37 [INFO] pll.v3: Built player ratings: 4521 rows x 155 cols
17:07:37 [INFO] pll.v3: TeamModel quality model fitted on 250 rows
17:07:37 [INFO] pll.v3: TeamModel fitted: ['assists', 'gb', 'goals', 'shots', 'sog', 'turnovers']
17:07:38 [INFO] pll.v3: Built team ratings: 252 rows x 219 cols
17:08:03 [INFO] pll.v3: Built player ratings: 4556 rows x 155 cols
17:08:04 [INFO] pll.v3: TeamModel quality model fitted on 252 rows
17:08:04 [INFO] pll.v3: TeamModel fitted: ['assists', 'gb', 'goals', 'shots', 'sog', 'turnovers']
17:08:05 [INFO] pll.v3: Built team ratings: 254 rows x 219 cols
17:08:29 [INFO] pll.v3: Built player ratings: 4591 rows x 155 cols
17:08:30 [INFO] pll.v3: TeamModel quality model fitted on 254 rows
17:08:30 [INFO] pll.v3: TeamModel fitted: ['assists', 'gb', 'goals', 'shots', 'sog', 'turnovers']
17:08:31 [INFO] pll.v3: Built team ratings: 256 rows x 219 cols
17:08:57 [INFO] pll.v3: Built player ratings: 4627 rows x 155 cols
17:08:58 [INFO] pll.v3: TeamModel quality model fitted on 256 rows
17:08:58 [INFO] pll.v3: TeamModel fitted: ['assists', 'gb', 'goals', 'shots', 'sog', 'turnovers']
17:08:59 [INFO] pll.v3: Built team ratings: 258 rows x 219 cols
17:09:24 [INFO] pll.v3: Built player ratings: 4663 rows x 155 cols
17:09:24 [INFO] pll.v3: TeamModel quality model fitted on 258 rows
17:09:24 [INFO] pll.v3: TeamModel fitted: ['assists', 'gb', 'goals', 'shots', 'sog', 'turnovers']
17:09:25 [INFO] pll.v3: Built team ratings: 260 rows x 219 cols
17:09:52 [INFO] pll.v3: Built player ratings: 4699 rows x 155 cols
17:09:53 [INFO] pll.v3: TeamModel quality model fitted on 260 rows
17:09:53 [INFO] pll.v3: TeamModel fitted: ['assists', 'gb', 'goals', 'shots', 'sog', 'turnovers']
17:09:54 [INFO] pll.v3: Built team ratings: 262 rows x 219 cols
17:10:24 [INFO] pll.v3: Built player ratings: 4735 rows x 155 cols
17:10:25 [INFO] pll.v3: TeamModel quality model fitted on 262 rows
17:10:25 [INFO] pll.v3: TeamModel fitted: ['assists', 'gb', 'goals', 'shots', 'sog', 'turnovers']
17:10:26 [INFO] pll.v3: Built team ratings: 264 rows x 219 cols
17:10:50 [INFO] pll.v3: Built player ratings: 4771 rows x 155 cols
17:10:51 [INFO] pll.v3: TeamModel quality model fitted on 264 rows
17:10:51 [INFO] pll.v3: TeamModel fitted: ['assists', 'gb', 'goals', 'shots', 'sog', 'turnovers']
17:10:52 [INFO] pll.v3: Built team ratings: 266 rows x 219 cols
17:11:16 [INFO] pll.v3: Built player ratings: 4807 rows x 155 cols
17:11:16 [INFO] pll.v3: TeamModel quality model fitted on 266 rows
17:11:16 [INFO] pll.v3: TeamModel fitted: ['assists', 'gb', 'goals', 'shots', 'sog', 'turnovers']
17:11:17 [INFO] pll.v3: Built team ratings: 268 rows x 219 cols
17:11:39 [INFO] pll.v3: Built player ratings: 4843 rows x 155 cols
17:11:40 [INFO] pll.v3: TeamModel quality model fitted on 268 rows
17:11:40 [INFO] pll.v3: TeamModel fitted: ['assists', 'gb', 'goals', 'shots', 'sog', 'turnovers']
17:11:40 [INFO] pll.v3: Built team ratings: 270 rows x 219 cols
17:12:00 [INFO] pll.v3: Built player ratings: 4879 rows x 155 cols
17:12:00 [INFO] pll.v3: TeamModel quality model fitted on 270 rows
17:12:00 [INFO] pll.v3: TeamModel fitted: ['assists', 'gb', 'goals', 'shots', 'sog', 'turnovers']
17:12:01 [INFO] pll.v3: Built team ratings: 272 rows x 219 cols
17:12:20 [INFO] pll.v3: Built player ratings: 4917 rows x 155 cols
17:12:21 [INFO] pll.v3: TeamModel quality model fitted on 272 rows
17:12:21 [INFO] pll.v3: TeamModel fitted: ['assists', 'gb', 'goals', 'shots', 'sog', 'turnovers']
17:12:21 [INFO] pll.v3: Built team ratings: 274 rows x 219 cols
17:12:44 [INFO] pll.v3: Built player ratings: 4953 rows x 155 cols
17:12:44 [INFO] pll.v3: TeamModel quality model fitted on 274 rows
17:12:44 [INFO] pll.v3: TeamModel fitted: ['assists', 'gb', 'goals', 'shots', 'sog', 'turnovers']
17:12:45 [INFO] pll.v3: Built team ratings: 276 rows x 219 cols
17:13:09 [INFO] pll.v3: Built player ratings: 4989 rows x 155 cols
17:13:09 [INFO] pll.v3: TeamModel quality model fitted on 276 rows
17:13:09 [INFO] pll.v3: TeamModel fitted: ['assists', 'gb', 'goals', 'shots', 'sog', 'turnovers']
17:13:10 [INFO] pll.v3: Built team ratings: 278 rows x 219 cols
17:13:31 [INFO] pll.v3: Built player ratings: 5025 rows x 155 cols
17:13:32 [INFO] pll.v3: TeamModel quality model fitted on 278 rows
17:13:32 [INFO] pll.v3: TeamModel fitted: ['assists', 'gb', 'goals', 'shots', 'sog', 'turnovers']
17:13:33 [INFO] pll.v3: Built team ratings: 280 rows x 219 cols
17:13:56 [INFO] pll.v3: Built player ratings: 5061 rows x 155 cols
17:13:56 [INFO] pll.v3: TeamModel quality model fitted on 280 rows
17:13:56 [INFO] pll.v3: TeamModel fitted: ['assists', 'gb', 'goals', 'shots', 'sog', 'turnovers']
17:13:57 [INFO] pll.v3: Built team ratings: 282 rows x 219 cols
17:14:13 [INFO] pll.v3: Built player ratings: 5097 rows x 155 cols
17:14:14 [INFO] pll.v3: TeamModel quality model fitted on 282 rows
17:14:14 [INFO] pll.v3: TeamModel fitted: ['assists', 'gb', 'goals', 'shots', 'sog', 'turnovers']
17:14:14 [INFO] pll.v3: Built team ratings: 284 rows x 219 cols
17:14:36 [INFO] pll.v3: Built player ratings: 5133 rows x 155 cols
17:14:37 [INFO] pll.v3: TeamModel quality model fitted on 284 rows
17:14:37 [INFO] pll.v3: TeamModel fitted: ['assists', 'gb', 'goals', 'shots', 'sog', 'turnovers']
17:14:39 [INFO] pll.v3: Built team ratings: 286 rows x 219 cols
17:15:04 [INFO] pll.v3: Built player ratings: 5169 rows x 155 cols
17:15:05 [INFO] pll.v3: TeamModel quality model fitted on 286 rows
17:15:05 [INFO] pll.v3: TeamModel fitted: ['assists', 'gb', 'goals', 'shots', 'sog', 'turnovers']
17:15:06 [INFO] pll.v3: Built team ratings: 288 rows x 219 cols
17:15:28 [INFO] pll.v3: Built player ratings: 5205 rows x 155 cols
17:15:28 [INFO] pll.v3: TeamModel quality model fitted on 288 rows
17:15:28 [INFO] pll.v3: TeamModel fitted: ['assists', 'gb', 'goals', 'shots', 'sog', 'turnovers']
17:15:29 [INFO] pll.v3: Built team ratings: 290 rows x 219 cols
17:15:45 [INFO] pll.v3: Built player ratings: 5241 rows x 155 cols
17:15:45 [INFO] pll.v3: TeamModel quality model fitted on 290 rows
17:15:45 [INFO] pll.v3: TeamModel fitted: ['assists', 'gb', 'goals', 'shots', 'sog', 'turnovers']
17:15:45 [INFO] pll.v3: Built team ratings: 292 rows x 219 cols
17:16:01 [INFO] pll.v3: Built player ratings: 5277 rows x 155 cols
17:16:01 [INFO] pll.v3: TeamModel quality model fitted on 292 rows
17:16:01 [INFO] pll.v3: TeamModel fitted: ['assists', 'gb', 'goals', 'shots', 'sog', 'turnovers']
17:16:02 [INFO] pll.v3: Built team ratings: 294 rows x 219 cols
17:16:22 [INFO] pll.v3: Built player ratings: 5313 rows x 155 cols
17:16:22 [INFO] pll.v3: TeamModel quality model fitted on 294 rows
17:16:22 [INFO] pll.v3: TeamModel fitted: ['assists', 'gb', 'goals', 'shots', 'sog', 'turnovers']
17:16:24 [INFO] pll.v3: Built team ratings: 296 rows x 219 cols
17:16:48 [INFO] pll.v3: Built player ratings: 5349 rows x 155 cols
17:16:48 [INFO] pll.v3: TeamModel quality model fitted on 296 rows
17:16:48 [INFO] pll.v3: TeamModel fitted: ['assists', 'gb', 'goals', 'shots', 'sog', 'turnovers']
17:16:49 [INFO] pll.v3: Built team ratings: 298 rows x 219 cols
17:17:11 [INFO] pll.v3: Built player ratings: 5385 rows x 155 cols
17:17:11 [INFO] pll.v3: TeamModel quality model fitted on 298 rows
17:17:11 [INFO] pll.v3: TeamModel fitted: ['assists', 'gb', 'goals', 'shots', 'sog', 'turnovers']
17:17:12 [INFO] pll.v3: Built team ratings: 300 rows x 219 cols
17:17:36 [INFO] pll.v3: Built player ratings: 5422 rows x 155 cols
17:17:36 [INFO] pll.v3: TeamModel quality model fitted on 300 rows
17:17:36 [INFO] pll.v3: TeamModel fitted: ['assists', 'gb', 'goals', 'shots', 'sog', 'turnovers']
17:17:37 [INFO] pll.v3: Built team ratings: 302 rows x 219 cols
17:17:57 [INFO] pll.v3: Built player ratings: 5459 rows x 155 cols
17:17:57 [INFO] pll.v3: TeamModel quality model fitted on 302 rows
17:17:57 [INFO] pll.v3: TeamModel fitted: ['assists', 'gb', 'goals', 'shots', 'sog', 'turnovers']
17:17:58 [INFO] pll.v3: Built team ratings: 304 rows x 219 cols
17:18:21 [INFO] pll.v3: Built player ratings: 5496 rows x 155 cols
17:18:21 [INFO] pll.v3: TeamModel quality model fitted on 304 rows
17:18:21 [INFO] pll.v3: TeamModel fitted: ['assists', 'gb', 'goals', 'shots', 'sog', 'turnovers']
17:18:22 [INFO] pll.v3: Built team ratings: 306 rows x 219 cols
17:18:43 [INFO] pll.v3: Built player ratings: 5532 rows x 155 cols
17:18:44 [INFO] pll.v3: TeamModel quality model fitted on 306 rows
17:18:44 [INFO] pll.v3: TeamModel fitted: ['assists', 'gb', 'goals', 'shots', 'sog', 'turnovers']
17:18:44 [INFO] pll.v3: Built team ratings: 308 rows x 219 cols
17:19:06 [INFO] pll.v3: Built player ratings: 5569 rows x 155 cols
17:19:06 [INFO] pll.v3: TeamModel quality model fitted on 308 rows
17:19:06 [INFO] pll.v3: TeamModel fitted: ['assists', 'gb', 'goals', 'shots', 'sog', 'turnovers']
17:19:07 [INFO] pll.v3: Built team ratings: 310 rows x 219 cols
17:19:28 [INFO] pll.v3: Built player ratings: 5605 rows x 155 cols
17:19:28 [INFO] pll.v3: TeamModel quality model fitted on 310 rows
17:19:28 [INFO] pll.v3: TeamModel fitted: ['assists', 'gb', 'goals', 'shots', 'sog', 'turnovers']
17:19:29 [INFO] pll.v3: Built team ratings: 312 rows x 219 cols
17:19:50 [INFO] pll.v3: Built player ratings: 5642 rows x 155 cols
17:19:51 [INFO] pll.v3: TeamModel quality model fitted on 312 rows
17:19:51 [INFO] pll.v3: TeamModel fitted: ['assists', 'gb', 'goals', 'shots', 'sog', 'turnovers']
17:19:51 [INFO] pll.v3: Built team ratings: 314 rows x 219 cols
17:20:14 [INFO] pll.v3: Built player ratings: 5678 rows x 155 cols
17:20:14 [INFO] pll.v3: TeamModel quality model fitted on 314 rows
17:20:14 [INFO] pll.v3: TeamModel fitted: ['assists', 'gb', 'goals', 'shots', 'sog', 'turnovers']
17:20:15 [INFO] pll.v3: Built team ratings: 316 rows x 219 cols
17:20:37 [INFO] pll.v3: Built player ratings: 5714 rows x 155 cols
17:20:38 [INFO] pll.v3: TeamModel quality model fitted on 316 rows
17:20:38 [INFO] pll.v3: TeamModel fitted: ['assists', 'gb', 'goals', 'shots', 'sog', 'turnovers']
17:20:38 [INFO] pll.v3: Built team ratings: 318 rows x 219 cols
17:21:00 [INFO] pll.v3: Built player ratings: 5750 rows x 155 cols
17:21:00 [INFO] pll.v3: TeamModel quality model fitted on 318 rows
17:21:00 [INFO] pll.v3: TeamModel fitted: ['assists', 'gb', 'goals', 'shots', 'sog', 'turnovers']

== PLAYER (TEST 2025) ==
  assists : MAE=0.671  bias=+0.036  corr=0.443  avg_pred=0.68  avg_act=0.65
  fo_pct  : MAE=0.120  bias=-0.005  corr=0.421  avg_pred=0.53  avg_act=0.53
  fo_wins : MAE=3.239  bias=-0.281  corr=0.377  avg_pred=12.67  avg_act=12.95
  goals   : MAE=0.983  bias=+0.061  corr=0.176  avg_pred=1.33  avg_act=1.27
  save_pct: MAE=0.085  bias=+0.007  corr=0.185  avg_pred=0.55  avg_act=0.54
  saves   : MAE=3.315  bias=-0.563  corr=0.186  avg_pred=12.46  avg_act=13.03
  sf_implied: MAE=4.095  bias=-1.289  corr=0.393  avg_pred=22.75  avg_act=24.04
  shots   : MAE=2.007  bias=+0.204  corr=0.331  avg_pred=4.78  avg_act=4.58

============================================================
DONE  tag=STEP-B-touches-v2
============================================================
