============================================================
FAST BACKTEST  sims=4000  tag=UPGRADE-BASELINE
============================================================
14:16:04 [INFO] pll.v3: DataLoader: C:\Users\a.payzant\OneDrive - DK Crown Holdings Inc\Desktop\PLL_App_Deploy\data\analytics_database\pll_warehouse.duckdb
14:16:04 [INFO] pll.v3: Loading warehouse data...
14:16:05 [INFO] pll.v3: Loaded 352 team-game rows
14:16:05 [INFO] pll.v3: Loaded 6350 player-game rows
14:16:05 [INFO] pll.v3: Loaded 32 schedule rows
14:16:05 [INFO] pll.v3: Loaded 40 team-defense rows
14:16:05 [INFO] pll.v3: Loaded: 352 team-game rows | 6350 player-game rows | 32 upcoming games
14:16:05 [INFO] pll.v3: Current roster cache: {'available': True, 'source': 'current_rosters_csv', 'path': 'C:\\Users\\a.payzant\\OneDrive - DK Crown Holdings Inc\\Desktop\\PLL_App_Deploy\\data\\reference_tables\\current_rosters.csv', 'rows': 221, 'reason': 'loaded'}
14:16:07 [INFO] pll.v3: Built team ratings: 240 rows x 219 cols
14:16:07 [INFO] pll.v3: TeamModel quality model fitted on 240 rows
14:16:07 [INFO] pll.v3: TeamModel fitted: ['assists', 'gb', 'goals', 'shots', 'sog', 'turnovers']
14:16:09 [INFO] pll.v3: Built team ratings: 240 rows x 219 cols
14:16:09 [INFO] pll.v3: TeamModel quality model fitted on 240 rows
14:16:09 [INFO] pll.v3: TeamModel fitted: ['assists', 'gb', 'goals', 'shots', 'sog', 'turnovers']
14:16:10 [INFO] pll.v3: Built team ratings: 242 rows x 219 cols
14:16:11 [INFO] pll.v3: TeamModel quality model fitted on 242 rows
14:16:11 [INFO] pll.v3: TeamModel fitted: ['assists', 'gb', 'goals', 'shots', 'sog', 'turnovers']
14:16:11 [INFO] pll.v3: Built team ratings: 244 rows x 219 cols
14:16:12 [INFO] pll.v3: TeamModel quality model fitted on 244 rows
14:16:12 [INFO] pll.v3: TeamModel fitted: ['assists', 'gb', 'goals', 'shots', 'sog', 'turnovers']
14:16:13 [INFO] pll.v3: Built team ratings: 246 rows x 219 cols
14:16:13 [INFO] pll.v3: TeamModel quality model fitted on 246 rows
14:16:13 [INFO] pll.v3: TeamModel fitted: ['assists', 'gb', 'goals', 'shots', 'sog', 'turnovers']
14:16:14 [INFO] pll.v3: Built team ratings: 248 rows x 219 cols
14:16:14 [INFO] pll.v3: TeamModel quality model fitted on 248 rows
14:16:14 [INFO] pll.v3: TeamModel fitted: ['assists', 'gb', 'goals', 'shots', 'sog', 'turnovers']
14:16:15 [INFO] pll.v3: Built team ratings: 250 rows x 219 cols
14:16:16 [INFO] pll.v3: TeamModel quality model fitted on 250 rows
14:16:16 [INFO] pll.v3: TeamModel fitted: ['assists', 'gb', 'goals', 'shots', 'sog', 'turnovers']
14:16:16 [INFO] pll.v3: Built team ratings: 252 rows x 219 cols
14:16:17 [INFO] pll.v3: TeamModel quality model fitted on 252 rows
14:16:17 [INFO] pll.v3: TeamModel fitted: ['assists', 'gb', 'goals', 'shots', 'sog', 'turnovers']
14:16:18 [INFO] pll.v3: Built team ratings: 254 rows x 219 cols
14:16:18 [INFO] pll.v3: TeamModel quality model fitted on 254 rows
14:16:18 [INFO] pll.v3: TeamModel fitted: ['assists', 'gb', 'goals', 'shots', 'sog', 'turnovers']
14:16:19 [INFO] pll.v3: Built team ratings: 256 rows x 219 cols
14:16:19 [INFO] pll.v3: TeamModel quality model fitted on 256 rows
14:16:19 [INFO] pll.v3: TeamModel fitted: ['assists', 'gb', 'goals', 'shots', 'sog', 'turnovers']
14:16:20 [INFO] pll.v3: Built team ratings: 258 rows x 219 cols
14:16:20 [INFO] pll.v3: TeamModel quality model fitted on 258 rows
14:16:20 [INFO] pll.v3: TeamModel fitted: ['assists', 'gb', 'goals', 'shots', 'sog', 'turnovers']
14:16:21 [INFO] pll.v3: Built team ratings: 260 rows x 219 cols
14:16:22 [INFO] pll.v3: TeamModel quality model fitted on 260 rows
14:16:22 [INFO] pll.v3: TeamModel fitted: ['assists', 'gb', 'goals', 'shots', 'sog', 'turnovers']
14:16:23 [INFO] pll.v3: Built team ratings: 262 rows x 219 cols
14:16:23 [INFO] pll.v3: TeamModel quality model fitted on 262 rows
14:16:23 [INFO] pll.v3: TeamModel fitted: ['assists', 'gb', 'goals', 'shots', 'sog', 'turnovers']
14:16:24 [INFO] pll.v3: Built team ratings: 264 rows x 219 cols
14:16:24 [INFO] pll.v3: TeamModel quality model fitted on 264 rows
14:16:24 [INFO] pll.v3: TeamModel fitted: ['assists', 'gb', 'goals', 'shots', 'sog', 'turnovers']
14:16:25 [INFO] pll.v3: Built team ratings: 266 rows x 219 cols
14:16:25 [INFO] pll.v3: TeamModel quality model fitted on 266 rows
14:16:25 [INFO] pll.v3: TeamModel fitted: ['assists', 'gb', 'goals', 'shots', 'sog', 'turnovers']
14:16:26 [INFO] pll.v3: Built team ratings: 268 rows x 219 cols
14:16:27 [INFO] pll.v3: TeamModel quality model fitted on 268 rows
14:16:27 [INFO] pll.v3: TeamModel fitted: ['assists', 'gb', 'goals', 'shots', 'sog', 'turnovers']
14:16:28 [INFO] pll.v3: Built team ratings: 270 rows x 219 cols
14:16:28 [INFO] pll.v3: TeamModel quality model fitted on 270 rows
14:16:28 [INFO] pll.v3: TeamModel fitted: ['assists', 'gb', 'goals', 'shots', 'sog', 'turnovers']
14:16:29 [INFO] pll.v3: Built team ratings: 272 rows x 219 cols
14:16:30 [INFO] pll.v3: TeamModel quality model fitted on 272 rows
14:16:30 [INFO] pll.v3: TeamModel fitted: ['assists', 'gb', 'goals', 'shots', 'sog', 'turnovers']
14:16:30 [INFO] pll.v3: Built team ratings: 274 rows x 219 cols
14:16:31 [INFO] pll.v3: TeamModel quality model fitted on 274 rows
14:16:31 [INFO] pll.v3: TeamModel fitted: ['assists', 'gb', 'goals', 'shots', 'sog', 'turnovers']
14:16:32 [INFO] pll.v3: Built team ratings: 276 rows x 219 cols
14:16:32 [INFO] pll.v3: TeamModel quality model fitted on 276 rows
14:16:32 [INFO] pll.v3: TeamModel fitted: ['assists', 'gb', 'goals', 'shots', 'sog', 'turnovers']
14:16:33 [INFO] pll.v3: Built team ratings: 278 rows x 219 cols
14:16:33 [INFO] pll.v3: TeamModel quality model fitted on 278 rows
14:16:33 [INFO] pll.v3: TeamModel fitted: ['assists', 'gb', 'goals', 'shots', 'sog', 'turnovers']
14:16:34 [INFO] pll.v3: Built team ratings: 280 rows x 219 cols
14:16:34 [INFO] pll.v3: TeamModel quality model fitted on 280 rows
14:16:34 [INFO] pll.v3: TeamModel fitted: ['assists', 'gb', 'goals', 'shots', 'sog', 'turnovers']
14:16:35 [INFO] pll.v3: Built team ratings: 282 rows x 219 cols
14:16:35 [INFO] pll.v3: TeamModel quality model fitted on 282 rows
14:16:35 [INFO] pll.v3: TeamModel fitted: ['assists', 'gb', 'goals', 'shots', 'sog', 'turnovers']
14:16:36 [INFO] pll.v3: Built team ratings: 284 rows x 219 cols
14:16:37 [INFO] pll.v3: TeamModel quality model fitted on 284 rows
14:16:37 [INFO] pll.v3: TeamModel fitted: ['assists', 'gb', 'goals', 'shots', 'sog', 'turnovers']
14:16:38 [INFO] pll.v3: Built team ratings: 286 rows x 219 cols
14:16:38 [INFO] pll.v3: TeamModel quality model fitted on 286 rows
14:16:38 [INFO] pll.v3: TeamModel fitted: ['assists', 'gb', 'goals', 'shots', 'sog', 'turnovers']
14:16:39 [INFO] pll.v3: Built team ratings: 288 rows x 219 cols
14:16:39 [INFO] pll.v3: TeamModel quality model fitted on 288 rows
14:16:39 [INFO] pll.v3: TeamModel fitted: ['assists', 'gb', 'goals', 'shots', 'sog', 'turnovers']
14:16:40 [INFO] pll.v3: Built team ratings: 290 rows x 219 cols
14:16:40 [INFO] pll.v3: TeamModel quality model fitted on 290 rows
14:16:40 [INFO] pll.v3: TeamModel fitted: ['assists', 'gb', 'goals', 'shots', 'sog', 'turnovers']
14:16:41 [INFO] pll.v3: Built team ratings: 292 rows x 219 cols
14:16:42 [INFO] pll.v3: TeamModel quality model fitted on 292 rows
14:16:42 [INFO] pll.v3: TeamModel fitted: ['assists', 'gb', 'goals', 'shots', 'sog', 'turnovers']
14:16:42 [INFO] pll.v3: Built team ratings: 294 rows x 219 cols
14:16:43 [INFO] pll.v3: TeamModel quality model fitted on 294 rows
14:16:43 [INFO] pll.v3: TeamModel fitted: ['assists', 'gb', 'goals', 'shots', 'sog', 'turnovers']
14:16:44 [INFO] pll.v3: Built team ratings: 296 rows x 219 cols
14:16:44 [INFO] pll.v3: TeamModel quality model fitted on 296 rows
14:16:44 [INFO] pll.v3: TeamModel fitted: ['assists', 'gb', 'goals', 'shots', 'sog', 'turnovers']
14:16:45 [INFO] pll.v3: Built team ratings: 298 rows x 219 cols
14:16:45 [INFO] pll.v3: TeamModel quality model fitted on 298 rows
14:16:45 [INFO] pll.v3: TeamModel fitted: ['assists', 'gb', 'goals', 'shots', 'sog', 'turnovers']
14:16:46 [INFO] pll.v3: Built team ratings: 300 rows x 219 cols
14:16:47 [INFO] pll.v3: TeamModel quality model fitted on 300 rows
14:16:47 [INFO] pll.v3: TeamModel fitted: ['assists', 'gb', 'goals', 'shots', 'sog', 'turnovers']
14:16:48 [INFO] pll.v3: Built team ratings: 302 rows x 219 cols
14:16:48 [INFO] pll.v3: TeamModel quality model fitted on 302 rows
14:16:48 [INFO] pll.v3: TeamModel fitted: ['assists', 'gb', 'goals', 'shots', 'sog', 'turnovers']
14:16:49 [INFO] pll.v3: Built team ratings: 304 rows x 219 cols
14:16:49 [INFO] pll.v3: TeamModel quality model fitted on 304 rows
14:16:49 [INFO] pll.v3: TeamModel fitted: ['assists', 'gb', 'goals', 'shots', 'sog', 'turnovers']
14:16:50 [INFO] pll.v3: Built team ratings: 306 rows x 219 cols
14:16:51 [INFO] pll.v3: TeamModel quality model fitted on 306 rows
14:16:51 [INFO] pll.v3: TeamModel fitted: ['assists', 'gb', 'goals', 'shots', 'sog', 'turnovers']
14:16:52 [INFO] pll.v3: Built team ratings: 308 rows x 219 cols
14:16:52 [INFO] pll.v3: TeamModel quality model fitted on 308 rows
14:16:52 [INFO] pll.v3: TeamModel fitted: ['assists', 'gb', 'goals', 'shots', 'sog', 'turnovers']
14:16:53 [INFO] pll.v3: Built team ratings: 310 rows x 219 cols
14:16:54 [INFO] pll.v3: TeamModel quality model fitted on 310 rows
14:16:54 [INFO] pll.v3: TeamModel fitted: ['assists', 'gb', 'goals', 'shots', 'sog', 'turnovers']
14:16:55 [INFO] pll.v3: Built team ratings: 312 rows x 219 cols
14:16:55 [INFO] pll.v3: TeamModel quality model fitted on 312 rows
14:16:55 [INFO] pll.v3: TeamModel fitted: ['assists', 'gb', 'goals', 'shots', 'sog', 'turnovers']
14:16:57 [INFO] pll.v3: Built team ratings: 314 rows x 219 cols
14:16:57 [INFO] pll.v3: TeamModel quality model fitted on 314 rows
14:16:57 [INFO] pll.v3: TeamModel fitted: ['assists', 'gb', 'goals', 'shots', 'sog', 'turnovers']
14:16:58 [INFO] pll.v3: Built team ratings: 316 rows x 219 cols
14:16:59 [INFO] pll.v3: TeamModel quality model fitted on 316 rows
14:16:59 [INFO] pll.v3: TeamModel fitted: ['assists', 'gb', 'goals', 'shots', 'sog', 'turnovers']
14:17:00 [INFO] pll.v3: Built team ratings: 318 rows x 219 cols
14:17:00 [INFO] pll.v3: TeamModel quality model fitted on 318 rows
14:17:00 [INFO] pll.v3: TeamModel fitted: ['assists', 'gb', 'goals', 'shots', 'sog', 'turnovers']
14:17:02 [INFO] pll.v3: Built team ratings: 320 rows x 219 cols
14:17:02 [INFO] pll.v3: TeamModel quality model fitted on 320 rows
14:17:02 [INFO] pll.v3: TeamModel fitted: ['assists', 'gb', 'goals', 'shots', 'sog', 'turnovers']
14:17:03 [INFO] pll.v3: Built team ratings: 322 rows x 219 cols
14:17:03 [INFO] pll.v3: TeamModel quality model fitted on 322 rows
14:17:03 [INFO] pll.v3: TeamModel fitted: ['assists', 'gb', 'goals', 'shots', 'sog', 'turnovers']
14:17:05 [INFO] pll.v3: Built team ratings: 324 rows x 219 cols
14:17:06 [INFO] pll.v3: TeamModel quality model fitted on 324 rows
14:17:06 [INFO] pll.v3: TeamModel fitted: ['assists', 'gb', 'goals', 'shots', 'sog', 'turnovers']
14:17:07 [INFO] pll.v3: Built team ratings: 326 rows x 219 cols
14:17:08 [INFO] pll.v3: TeamModel quality model fitted on 326 rows
14:17:08 [INFO] pll.v3: TeamModel fitted: ['assists', 'gb', 'goals', 'shots', 'sog', 'turnovers']
14:17:09 [INFO] pll.v3: Built team ratings: 328 rows x 219 cols
14:17:09 [INFO] pll.v3: TeamModel quality model fitted on 328 rows
14:17:09 [INFO] pll.v3: TeamModel fitted: ['assists', 'gb', 'goals', 'shots', 'sog', 'turnovers']
14:17:10 [INFO] pll.v3: Built team ratings: 330 rows x 219 cols
14:17:11 [INFO] pll.v3: TeamModel quality model fitted on 330 rows
14:17:11 [INFO] pll.v3: TeamModel fitted: ['assists', 'gb', 'goals', 'shots', 'sog', 'turnovers']
14:17:12 [INFO] pll.v3: Built team ratings: 332 rows x 219 cols
14:17:12 [INFO] pll.v3: TeamModel quality model fitted on 332 rows
14:17:12 [INFO] pll.v3: TeamModel fitted: ['assists', 'gb', 'goals', 'shots', 'sog', 'turnovers']
14:17:14 [INFO] pll.v3: Built team ratings: 334 rows x 219 cols
14:17:14 [INFO] pll.v3: TeamModel quality model fitted on 334 rows
14:17:14 [INFO] pll.v3: TeamModel fitted: ['assists', 'gb', 'goals', 'shots', 'sog', 'turnovers']
14:17:15 [INFO] pll.v3: Built team ratings: 336 rows x 219 cols
14:17:15 [INFO] pll.v3: TeamModel quality model fitted on 336 rows
14:17:15 [INFO] pll.v3: TeamModel fitted: ['assists', 'gb', 'goals', 'shots', 'sog', 'turnovers']
14:17:17 [INFO] pll.v3: Built team ratings: 338 rows x 219 cols
14:17:18 [INFO] pll.v3: TeamModel quality model fitted on 338 rows
14:17:18 [INFO] pll.v3: TeamModel fitted: ['assists', 'gb', 'goals', 'shots', 'sog', 'turnovers']
14:17:20 [INFO] pll.v3: Built team ratings: 340 rows x 219 cols
14:17:20 [INFO] pll.v3: TeamModel quality model fitted on 340 rows
14:17:20 [INFO] pll.v3: TeamModel fitted: ['assists', 'gb', 'goals', 'shots', 'sog', 'turnovers']
14:17:21 [INFO] pll.v3: Built team ratings: 342 rows x 219 cols
14:17:22 [INFO] pll.v3: TeamModel quality model fitted on 342 rows
14:17:22 [INFO] pll.v3: TeamModel fitted: ['assists', 'gb', 'goals', 'shots', 'sog', 'turnovers']
14:17:23 [INFO] pll.v3: Built team ratings: 344 rows x 219 cols
14:17:23 [INFO] pll.v3: TeamModel quality model fitted on 344 rows
14:17:23 [INFO] pll.v3: TeamModel fitted: ['assists', 'gb', 'goals', 'shots', 'sog', 'turnovers']
14:17:24 [INFO] pll.v3: Built team ratings: 346 rows x 219 cols
14:17:25 [INFO] pll.v3: TeamModel quality model fitted on 346 rows
14:17:25 [INFO] pll.v3: TeamModel fitted: ['assists', 'gb', 'goals', 'shots', 'sog', 'turnovers']
14:17:25 [INFO] pll.v3: Built team ratings: 348 rows x 219 cols
14:17:26 [INFO] pll.v3: TeamModel quality model fitted on 348 rows
14:17:26 [INFO] pll.v3: TeamModel fitted: ['assists', 'gb', 'goals', 'shots', 'sog', 'turnovers']
14:17:27 [INFO] pll.v3: Built team ratings: 350 rows x 219 cols
14:17:27 [INFO] pll.v3: TeamModel quality model fitted on 350 rows
14:17:27 [INFO] pll.v3: TeamModel fitted: ['assists', 'gb', 'goals', 'shots', 'sog', 'turnovers']

== TEAM ==
  2025: n= 40  totMAE=3.670  bias=-0.391  sideMAE=2.609  acc=50%  Brier=0.2576
        SOG: pred=25.81 act=26.34 bias=-0.53 MAE=3.79   SHOTS: pred=41.31 act=41.79 bias=-0.47
  2026: n= 16  totMAE=3.528  bias=+1.906  sideMAE=2.979  acc=31%  Brier=0.2629
        SOG: pred=26.00 act=25.50 bias=+0.50 MAE=3.82   SHOTS: pred=41.37 act=41.19 bias=+0.19
14:17:28 [INFO] pll.v3: Built team ratings: 240 rows x 219 cols
14:17:59 [INFO] pll.v3: Built player ratings: 4343 rows x 151 cols
14:17:59 [INFO] pll.v3: TeamModel quality model fitted on 240 rows
14:17:59 [INFO] pll.v3: TeamModel fitted: ['assists', 'gb', 'goals', 'shots', 'sog', 'turnovers']
14:18:01 [INFO] pll.v3: Built team ratings: 242 rows x 219 cols
14:18:26 [INFO] pll.v3: Built player ratings: 4378 rows x 151 cols
14:18:26 [INFO] pll.v3: TeamModel quality model fitted on 242 rows
14:18:26 [INFO] pll.v3: TeamModel fitted: ['assists', 'gb', 'goals', 'shots', 'sog', 'turnovers']
14:18:28 [INFO] pll.v3: Built team ratings: 244 rows x 219 cols
14:18:57 [INFO] pll.v3: Built player ratings: 4413 rows x 151 cols
14:18:57 [INFO] pll.v3: TeamModel quality model fitted on 244 rows
14:18:57 [INFO] pll.v3: TeamModel fitted: ['assists', 'gb', 'goals', 'shots', 'sog', 'turnovers']
14:18:58 [INFO] pll.v3: Built team ratings: 246 rows x 219 cols
14:19:24 [INFO] pll.v3: Built player ratings: 4448 rows x 151 cols
14:19:24 [INFO] pll.v3: TeamModel quality model fitted on 246 rows
14:19:24 [INFO] pll.v3: TeamModel fitted: ['assists', 'gb', 'goals', 'shots', 'sog', 'turnovers']
14:19:25 [INFO] pll.v3: Built team ratings: 248 rows x 219 cols
14:20:01 [INFO] pll.v3: Built player ratings: 4485 rows x 151 cols
14:20:01 [INFO] pll.v3: TeamModel quality model fitted on 248 rows
14:20:02 [INFO] pll.v3: TeamModel fitted: ['assists', 'gb', 'goals', 'shots', 'sog', 'turnovers']
14:20:03 [INFO] pll.v3: Built team ratings: 250 rows x 219 cols
14:20:37 [INFO] pll.v3: Built player ratings: 4521 rows x 151 cols
14:20:38 [INFO] pll.v3: TeamModel quality model fitted on 250 rows
14:20:38 [INFO] pll.v3: TeamModel fitted: ['assists', 'gb', 'goals', 'shots', 'sog', 'turnovers']
14:20:39 [INFO] pll.v3: Built team ratings: 252 rows x 219 cols
14:21:10 [INFO] pll.v3: Built player ratings: 4556 rows x 151 cols
14:21:11 [INFO] pll.v3: TeamModel quality model fitted on 252 rows
14:21:11 [INFO] pll.v3: TeamModel fitted: ['assists', 'gb', 'goals', 'shots', 'sog', 'turnovers']
14:21:11 [INFO] pll.v3: Built team ratings: 254 rows x 219 cols
14:21:35 [INFO] pll.v3: Built player ratings: 4591 rows x 151 cols
14:21:35 [INFO] pll.v3: TeamModel quality model fitted on 254 rows
14:21:35 [INFO] pll.v3: TeamModel fitted: ['assists', 'gb', 'goals', 'shots', 'sog', 'turnovers']
14:21:36 [INFO] pll.v3: Built team ratings: 256 rows x 219 cols
14:22:02 [INFO] pll.v3: Built player ratings: 4627 rows x 151 cols
14:22:02 [INFO] pll.v3: TeamModel quality model fitted on 256 rows
14:22:02 [INFO] pll.v3: TeamModel fitted: ['assists', 'gb', 'goals', 'shots', 'sog', 'turnovers']
14:22:04 [INFO] pll.v3: Built team ratings: 258 rows x 219 cols
14:22:36 [INFO] pll.v3: Built player ratings: 4663 rows x 151 cols
14:22:36 [INFO] pll.v3: TeamModel quality model fitted on 258 rows
14:22:36 [INFO] pll.v3: TeamModel fitted: ['assists', 'gb', 'goals', 'shots', 'sog', 'turnovers']
14:22:37 [INFO] pll.v3: Built team ratings: 260 rows x 219 cols
14:23:08 [INFO] pll.v3: Built player ratings: 4699 rows x 151 cols
14:23:08 [INFO] pll.v3: TeamModel quality model fitted on 260 rows
14:23:08 [INFO] pll.v3: TeamModel fitted: ['assists', 'gb', 'goals', 'shots', 'sog', 'turnovers']
14:23:10 [INFO] pll.v3: Built team ratings: 262 rows x 219 cols
14:23:39 [INFO] pll.v3: Built player ratings: 4735 rows x 151 cols
14:23:39 [INFO] pll.v3: TeamModel quality model fitted on 262 rows
14:23:39 [INFO] pll.v3: TeamModel fitted: ['assists', 'gb', 'goals', 'shots', 'sog', 'turnovers']
14:23:40 [INFO] pll.v3: Built team ratings: 264 rows x 219 cols
14:24:10 [INFO] pll.v3: Built player ratings: 4771 rows x 151 cols
14:24:10 [INFO] pll.v3: TeamModel quality model fitted on 264 rows
14:24:10 [INFO] pll.v3: TeamModel fitted: ['assists', 'gb', 'goals', 'shots', 'sog', 'turnovers']
14:24:11 [INFO] pll.v3: Built team ratings: 266 rows x 219 cols
14:24:44 [INFO] pll.v3: Built player ratings: 4807 rows x 151 cols
14:24:45 [INFO] pll.v3: TeamModel quality model fitted on 266 rows
14:24:45 [INFO] pll.v3: TeamModel fitted: ['assists', 'gb', 'goals', 'shots', 'sog', 'turnovers']
14:24:46 [INFO] pll.v3: Built team ratings: 268 rows x 219 cols
14:25:19 [INFO] pll.v3: Built player ratings: 4843 rows x 151 cols
14:25:19 [INFO] pll.v3: TeamModel quality model fitted on 268 rows
14:25:19 [INFO] pll.v3: TeamModel fitted: ['assists', 'gb', 'goals', 'shots', 'sog', 'turnovers']
14:25:20 [INFO] pll.v3: Built team ratings: 270 rows x 219 cols
14:25:50 [INFO] pll.v3: Built player ratings: 4879 rows x 151 cols
14:25:51 [INFO] pll.v3: TeamModel quality model fitted on 270 rows
14:25:51 [INFO] pll.v3: TeamModel fitted: ['assists', 'gb', 'goals', 'shots', 'sog', 'turnovers']
14:25:52 [INFO] pll.v3: Built team ratings: 272 rows x 219 cols
14:26:23 [INFO] pll.v3: Built player ratings: 4917 rows x 151 cols
14:26:23 [INFO] pll.v3: TeamModel quality model fitted on 272 rows
14:26:23 [INFO] pll.v3: TeamModel fitted: ['assists', 'gb', 'goals', 'shots', 'sog', 'turnovers']
14:26:24 [INFO] pll.v3: Built team ratings: 274 rows x 219 cols
14:26:54 [INFO] pll.v3: Built player ratings: 4953 rows x 151 cols
14:26:55 [INFO] pll.v3: TeamModel quality model fitted on 274 rows
14:26:55 [INFO] pll.v3: TeamModel fitted: ['assists', 'gb', 'goals', 'shots', 'sog', 'turnovers']
14:26:56 [INFO] pll.v3: Built team ratings: 276 rows x 219 cols
14:27:31 [INFO] pll.v3: Built player ratings: 4989 rows x 151 cols
14:27:31 [INFO] pll.v3: TeamModel quality model fitted on 276 rows
14:27:31 [INFO] pll.v3: TeamModel fitted: ['assists', 'gb', 'goals', 'shots', 'sog', 'turnovers']
14:27:32 [INFO] pll.v3: Built team ratings: 278 rows x 219 cols
14:28:01 [INFO] pll.v3: Built player ratings: 5025 rows x 151 cols
14:28:01 [INFO] pll.v3: TeamModel quality model fitted on 278 rows
14:28:01 [INFO] pll.v3: TeamModel fitted: ['assists', 'gb', 'goals', 'shots', 'sog', 'turnovers']
14:28:02 [INFO] pll.v3: Built team ratings: 280 rows x 219 cols
14:28:32 [INFO] pll.v3: Built player ratings: 5061 rows x 151 cols
14:28:32 [INFO] pll.v3: TeamModel quality model fitted on 280 rows
14:28:32 [INFO] pll.v3: TeamModel fitted: ['assists', 'gb', 'goals', 'shots', 'sog', 'turnovers']
14:28:34 [INFO] pll.v3: Built team ratings: 282 rows x 219 cols
14:29:05 [INFO] pll.v3: Built player ratings: 5097 rows x 151 cols
14:29:06 [INFO] pll.v3: TeamModel quality model fitted on 282 rows
14:29:06 [INFO] pll.v3: TeamModel fitted: ['assists', 'gb', 'goals', 'shots', 'sog', 'turnovers']
14:29:07 [INFO] pll.v3: Built team ratings: 284 rows x 219 cols
14:29:35 [INFO] pll.v3: Built player ratings: 5133 rows x 151 cols
14:29:36 [INFO] pll.v3: TeamModel quality model fitted on 284 rows
14:29:36 [INFO] pll.v3: TeamModel fitted: ['assists', 'gb', 'goals', 'shots', 'sog', 'turnovers']
14:29:37 [INFO] pll.v3: Built team ratings: 286 rows x 219 cols
14:30:08 [INFO] pll.v3: Built player ratings: 5169 rows x 151 cols
14:30:08 [INFO] pll.v3: TeamModel quality model fitted on 286 rows
14:30:08 [INFO] pll.v3: TeamModel fitted: ['assists', 'gb', 'goals', 'shots', 'sog', 'turnovers']
14:30:10 [INFO] pll.v3: Built team ratings: 288 rows x 219 cols
14:30:38 [INFO] pll.v3: Built player ratings: 5205 rows x 151 cols
14:30:38 [INFO] pll.v3: TeamModel quality model fitted on 288 rows
14:30:38 [INFO] pll.v3: TeamModel fitted: ['assists', 'gb', 'goals', 'shots', 'sog', 'turnovers']
14:30:40 [INFO] pll.v3: Built team ratings: 290 rows x 219 cols
14:31:04 [INFO] pll.v3: Built player ratings: 5241 rows x 151 cols
14:31:04 [INFO] pll.v3: TeamModel quality model fitted on 290 rows
14:31:04 [INFO] pll.v3: TeamModel fitted: ['assists', 'gb', 'goals', 'shots', 'sog', 'turnovers']
14:31:05 [INFO] pll.v3: Built team ratings: 292 rows x 219 cols
14:31:28 [INFO] pll.v3: Built player ratings: 5277 rows x 151 cols
14:31:29 [INFO] pll.v3: TeamModel quality model fitted on 292 rows
14:31:29 [INFO] pll.v3: TeamModel fitted: ['assists', 'gb', 'goals', 'shots', 'sog', 'turnovers']
14:31:30 [INFO] pll.v3: Built team ratings: 294 rows x 219 cols
14:31:57 [INFO] pll.v3: Built player ratings: 5313 rows x 151 cols
14:31:58 [INFO] pll.v3: TeamModel quality model fitted on 294 rows
14:31:58 [INFO] pll.v3: TeamModel fitted: ['assists', 'gb', 'goals', 'shots', 'sog', 'turnovers']
14:31:59 [INFO] pll.v3: Built team ratings: 296 rows x 219 cols
14:32:24 [INFO] pll.v3: Built player ratings: 5349 rows x 151 cols
14:32:25 [INFO] pll.v3: TeamModel quality model fitted on 296 rows
14:32:25 [INFO] pll.v3: TeamModel fitted: ['assists', 'gb', 'goals', 'shots', 'sog', 'turnovers']
14:32:26 [INFO] pll.v3: Built team ratings: 298 rows x 219 cols
14:32:51 [INFO] pll.v3: Built player ratings: 5385 rows x 151 cols
14:32:52 [INFO] pll.v3: TeamModel quality model fitted on 298 rows
14:32:52 [INFO] pll.v3: TeamModel fitted: ['assists', 'gb', 'goals', 'shots', 'sog', 'turnovers']
14:32:52 [INFO] pll.v3: Built team ratings: 300 rows x 219 cols
14:33:16 [INFO] pll.v3: Built player ratings: 5422 rows x 151 cols
14:33:16 [INFO] pll.v3: TeamModel quality model fitted on 300 rows
14:33:16 [INFO] pll.v3: TeamModel fitted: ['assists', 'gb', 'goals', 'shots', 'sog', 'turnovers']
14:33:17 [INFO] pll.v3: Built team ratings: 302 rows x 219 cols
14:33:44 [INFO] pll.v3: Built player ratings: 5459 rows x 151 cols
14:33:44 [INFO] pll.v3: TeamModel quality model fitted on 302 rows
14:33:44 [INFO] pll.v3: TeamModel fitted: ['assists', 'gb', 'goals', 'shots', 'sog', 'turnovers']
14:33:45 [INFO] pll.v3: Built team ratings: 304 rows x 219 cols
14:34:09 [INFO] pll.v3: Built player ratings: 5496 rows x 151 cols
14:34:10 [INFO] pll.v3: TeamModel quality model fitted on 304 rows
14:34:10 [INFO] pll.v3: TeamModel fitted: ['assists', 'gb', 'goals', 'shots', 'sog', 'turnovers']
14:34:11 [INFO] pll.v3: Built team ratings: 306 rows x 219 cols
14:34:35 [INFO] pll.v3: Built player ratings: 5532 rows x 151 cols
14:34:36 [INFO] pll.v3: TeamModel quality model fitted on 306 rows
14:34:36 [INFO] pll.v3: TeamModel fitted: ['assists', 'gb', 'goals', 'shots', 'sog', 'turnovers']
14:34:37 [INFO] pll.v3: Built team ratings: 308 rows x 219 cols
14:35:05 [INFO] pll.v3: Built player ratings: 5569 rows x 151 cols
14:35:06 [INFO] pll.v3: TeamModel quality model fitted on 308 rows
14:35:06 [INFO] pll.v3: TeamModel fitted: ['assists', 'gb', 'goals', 'shots', 'sog', 'turnovers']
14:35:07 [INFO] pll.v3: Built team ratings: 310 rows x 219 cols
14:35:32 [INFO] pll.v3: Built player ratings: 5605 rows x 151 cols
14:35:32 [INFO] pll.v3: TeamModel quality model fitted on 310 rows
14:35:32 [INFO] pll.v3: TeamModel fitted: ['assists', 'gb', 'goals', 'shots', 'sog', 'turnovers']
14:35:33 [INFO] pll.v3: Built team ratings: 312 rows x 219 cols
14:35:57 [INFO] pll.v3: Built player ratings: 5642 rows x 151 cols
14:35:57 [INFO] pll.v3: TeamModel quality model fitted on 312 rows
14:35:57 [INFO] pll.v3: TeamModel fitted: ['assists', 'gb', 'goals', 'shots', 'sog', 'turnovers']
14:35:58 [INFO] pll.v3: Built team ratings: 314 rows x 219 cols
14:36:24 [INFO] pll.v3: Built player ratings: 5678 rows x 151 cols
14:36:24 [INFO] pll.v3: TeamModel quality model fitted on 314 rows
14:36:24 [INFO] pll.v3: TeamModel fitted: ['assists', 'gb', 'goals', 'shots', 'sog', 'turnovers']
14:36:25 [INFO] pll.v3: Built team ratings: 316 rows x 219 cols
14:36:54 [INFO] pll.v3: Built player ratings: 5714 rows x 151 cols
14:36:55 [INFO] pll.v3: TeamModel quality model fitted on 316 rows
14:36:55 [INFO] pll.v3: TeamModel fitted: ['assists', 'gb', 'goals', 'shots', 'sog', 'turnovers']
14:36:55 [INFO] pll.v3: Built team ratings: 318 rows x 219 cols
14:37:23 [INFO] pll.v3: Built player ratings: 5750 rows x 151 cols
14:37:24 [INFO] pll.v3: TeamModel quality model fitted on 318 rows
14:37:24 [INFO] pll.v3: TeamModel fitted: ['assists', 'gb', 'goals', 'shots', 'sog', 'turnovers']

== PLAYER (TEST 2025) ==
  assists : MAE=0.676  bias=+0.043  corr=0.439  avg_pred=0.69  avg_act=0.65
  fo_pct  : MAE=0.120  bias=-0.005  corr=0.421  avg_pred=0.53  avg_act=0.53
  fo_wins : MAE=3.239  bias=-0.281  corr=0.377  avg_pred=12.67  avg_act=12.95
  goals   : MAE=0.983  bias=+0.054  corr=0.164  avg_pred=1.32  avg_act=1.27
  save_pct: MAE=0.085  bias=+0.007  corr=0.185  avg_pred=0.55  avg_act=0.54
  saves   : MAE=3.315  bias=-0.563  corr=0.186  avg_pred=12.46  avg_act=13.03
  sf_implied: MAE=4.095  bias=-1.289  corr=0.393  avg_pred=22.75  avg_act=24.04
  shots   : MAE=2.009  bias=+0.193  corr=0.306  avg_pred=4.77  avg_act=4.58

============================================================
DONE  tag=UPGRADE-BASELINE
============================================================
